  error: subprocess-exited-with-error
  
  × Building wheel for numpy (pyproject.toml) did not run successfully.
  │ exit code: 1
  ╰─> [1283 lines of output]
      setup.py:66: RuntimeWarning: NumPy 1.20.2 may not yet support Python 3.10.
        warnings.warn(
      Running from numpy source directory.
      /tmp/pip-install-a5vsr4m5/numpy_dcda37f446194c79bf002ecf357bdf80/tools/cythonize.py:67: DeprecationWarning: The distutils package is deprecated and slated for removal in Python 3.12. Use setuptools or check PEP 632 for potential alternatives
        from distutils.version import LooseVersion
      numpy/random/_bounded_integers.pxd.in has not changed
      numpy/random/mtrand.pyx has not changed
      numpy/random/_generator.pyx has not changed
      numpy/random/bit_generator.pyx has not changed
      numpy/random/_pcg64.pyx has not changed
      numpy/random/_philox.pyx has not changed
      numpy/random/_mt19937.pyx has not changed
      Processing numpy/random/_bounded_integers.pyx
      numpy/random/_sfc64.pyx has not changed
      numpy/random/_bounded_integers.pyx.in has not changed
      numpy/random/_common.pyx has not changed
      Cythonizing sources
      blas_opt_info:
      blas_mkl_info:
      customize UnixCCompiler
        libraries mkl_rt not found in ['/home/heidless/dash-sample-apps/apps/dash-baseball-statistics/venv/lib', '/usr/local/lib', '/usr/lib64', '/usr/lib', '/usr/lib/x86_64-linux-gnu']
        NOT AVAILABLE
      
      blis_info:
        libraries blis not found in ['/home/heidless/dash-sample-apps/apps/dash-baseball-statistics/venv/lib', '/usr/local/lib', '/usr/lib64', '/usr/lib', '/usr/lib/x86_64-linux-gnu']
        NOT AVAILABLE
      
      openblas_info:
        libraries openblas not found in ['/home/heidless/dash-sample-apps/apps/dash-baseball-statistics/venv/lib', '/usr/local/lib', '/usr/lib64', '/usr/lib', '/usr/lib/x86_64-linux-gnu']
        NOT AVAILABLE
      
      atlas_3_10_blas_threads_info:
      Setting PTATLAS=ATLAS
        libraries tatlas not found in ['/home/heidless/dash-sample-apps/apps/dash-baseball-statistics/venv/lib', '/usr/local/lib', '/usr/lib64', '/usr/lib', '/usr/lib/x86_64-linux-gnu']
        NOT AVAILABLE
      
      atlas_3_10_blas_info:
        libraries satlas not found in ['/home/heidless/dash-sample-apps/apps/dash-baseball-statistics/venv/lib', '/usr/local/lib', '/usr/lib64', '/usr/lib', '/usr/lib/x86_64-linux-gnu']
        NOT AVAILABLE
      
      atlas_blas_threads_info:
      Setting PTATLAS=ATLAS
        libraries ptf77blas,ptcblas,atlas not found in ['/home/heidless/dash-sample-apps/apps/dash-baseball-statistics/venv/lib', '/usr/local/lib', '/usr/lib64', '/usr/lib', '/usr/lib/x86_64-linux-gnu']
        NOT AVAILABLE
      
      atlas_blas_info:
        libraries f77blas,cblas,atlas not found in ['/home/heidless/dash-sample-apps/apps/dash-baseball-statistics/venv/lib', '/usr/local/lib', '/usr/lib64', '/usr/lib', '/usr/lib/x86_64-linux-gnu']
        NOT AVAILABLE
      
      /tmp/pip-install-a5vsr4m5/numpy_dcda37f446194c79bf002ecf357bdf80/numpy/distutils/system_info.py:1989: UserWarning:
          Optimized (vendor) Blas libraries are not found.
          Falls back to netlib Blas library which has worse performance.
          A better performance should be easily gained by switching
          Blas library.
        if self._calc_info(blas):
      blas_info:
        libraries blas not found in ['/home/heidless/dash-sample-apps/apps/dash-baseball-statistics/venv/lib', '/usr/local/lib', '/usr/lib64', '/usr/lib', '/usr/lib/x86_64-linux-gnu']
        NOT AVAILABLE
      
      /tmp/pip-install-a5vsr4m5/numpy_dcda37f446194c79bf002ecf357bdf80/numpy/distutils/system_info.py:1989: UserWarning:
          Blas (http://www.netlib.org/blas/) libraries not found.
          Directories to search for the libraries can be specified in the
          numpy/distutils/site.cfg file (section [blas]) or by setting
          the BLAS environment variable.
        if self._calc_info(blas):
      blas_src_info:
        NOT AVAILABLE
      
      /tmp/pip-install-a5vsr4m5/numpy_dcda37f446194c79bf002ecf357bdf80/numpy/distutils/system_info.py:1989: UserWarning:
          Blas (http://www.netlib.org/blas/) sources not found.
          Directories to search for the sources can be specified in the
          numpy/distutils/site.cfg file (section [blas_src]) or by setting
          the BLAS_SRC environment variable.
        if self._calc_info(blas):
        NOT AVAILABLE
      
      non-existing path in 'numpy/distutils': 'site.cfg'
      lapack_opt_info:
      lapack_mkl_info:
        libraries mkl_rt not found in ['/home/heidless/dash-sample-apps/apps/dash-baseball-statistics/venv/lib', '/usr/local/lib', '/usr/lib64', '/usr/lib', '/usr/lib/x86_64-linux-gnu']
        NOT AVAILABLE
      
      openblas_lapack_info:
        libraries openblas not found in ['/home/heidless/dash-sample-apps/apps/dash-baseball-statistics/venv/lib', '/usr/local/lib', '/usr/lib64', '/usr/lib', '/usr/lib/x86_64-linux-gnu']
        NOT AVAILABLE
      
      openblas_clapack_info:
        libraries openblas,lapack not found in ['/home/heidless/dash-sample-apps/apps/dash-baseball-statistics/venv/lib', '/usr/local/lib', '/usr/lib64', '/usr/lib', '/usr/lib/x86_64-linux-gnu']
        NOT AVAILABLE
      
      flame_info:
        libraries flame not found in ['/home/heidless/dash-sample-apps/apps/dash-baseball-statistics/venv/lib', '/usr/local/lib', '/usr/lib64', '/usr/lib', '/usr/lib/x86_64-linux-gnu']
        NOT AVAILABLE
      
      atlas_3_10_threads_info:
      Setting PTATLAS=ATLAS
        libraries lapack_atlas not found in /home/heidless/dash-sample-apps/apps/dash-baseball-statistics/venv/lib
        libraries tatlas,tatlas not found in /home/heidless/dash-sample-apps/apps/dash-baseball-statistics/venv/lib
        libraries lapack_atlas not found in /usr/local/lib
        libraries tatlas,tatlas not found in /usr/local/lib
        libraries lapack_atlas not found in /usr/lib64
        libraries tatlas,tatlas not found in /usr/lib64
        libraries lapack_atlas not found in /usr/lib
        libraries tatlas,tatlas not found in /usr/lib
        libraries lapack_atlas not found in /usr/lib/x86_64-linux-gnu
        libraries tatlas,tatlas not found in /usr/lib/x86_64-linux-gnu
      <class 'numpy.distutils.system_info.atlas_3_10_threads_info'>
        NOT AVAILABLE
      
      atlas_3_10_info:
        libraries lapack_atlas not found in /home/heidless/dash-sample-apps/apps/dash-baseball-statistics/venv/lib
        libraries satlas,satlas not found in /home/heidless/dash-sample-apps/apps/dash-baseball-statistics/venv/lib
        libraries lapack_atlas not found in /usr/local/lib
        libraries satlas,satlas not found in /usr/local/lib
        libraries lapack_atlas not found in /usr/lib64
        libraries satlas,satlas not found in /usr/lib64
        libraries lapack_atlas not found in /usr/lib
        libraries satlas,satlas not found in /usr/lib
        libraries lapack_atlas not found in /usr/lib/x86_64-linux-gnu
        libraries satlas,satlas not found in /usr/lib/x86_64-linux-gnu
      <class 'numpy.distutils.system_info.atlas_3_10_info'>
        NOT AVAILABLE
      
      atlas_threads_info:
      Setting PTATLAS=ATLAS
        libraries lapack_atlas not found in /home/heidless/dash-sample-apps/apps/dash-baseball-statistics/venv/lib
        libraries ptf77blas,ptcblas,atlas not found in /home/heidless/dash-sample-apps/apps/dash-baseball-statistics/venv/lib
        libraries lapack_atlas not found in /usr/local/lib
        libraries ptf77blas,ptcblas,atlas not found in /usr/local/lib
        libraries lapack_atlas not found in /usr/lib64
        libraries ptf77blas,ptcblas,atlas not found in /usr/lib64
        libraries lapack_atlas not found in /usr/lib
        libraries ptf77blas,ptcblas,atlas not found in /usr/lib
        libraries lapack_atlas not found in /usr/lib/x86_64-linux-gnu
        libraries ptf77blas,ptcblas,atlas not found in /usr/lib/x86_64-linux-gnu
      <class 'numpy.distutils.system_info.atlas_threads_info'>
        NOT AVAILABLE
      
      atlas_info:
        libraries lapack_atlas not found in /home/heidless/dash-sample-apps/apps/dash-baseball-statistics/venv/lib
        libraries f77blas,cblas,atlas not found in /home/heidless/dash-sample-apps/apps/dash-baseball-statistics/venv/lib
        libraries lapack_atlas not found in /usr/local/lib
        libraries f77blas,cblas,atlas not found in /usr/local/lib
        libraries lapack_atlas not found in /usr/lib64
        libraries f77blas,cblas,atlas not found in /usr/lib64
        libraries lapack_atlas not found in /usr/lib
        libraries f77blas,cblas,atlas not found in /usr/lib
        libraries lapack_atlas not found in /usr/lib/x86_64-linux-gnu
        libraries f77blas,cblas,atlas not found in /usr/lib/x86_64-linux-gnu
      <class 'numpy.distutils.system_info.atlas_info'>
        NOT AVAILABLE
      
      lapack_info:
        libraries lapack not found in ['/home/heidless/dash-sample-apps/apps/dash-baseball-statistics/venv/lib', '/usr/local/lib', '/usr/lib64', '/usr/lib', '/usr/lib/x86_64-linux-gnu']
        NOT AVAILABLE
      
      /tmp/pip-install-a5vsr4m5/numpy_dcda37f446194c79bf002ecf357bdf80/numpy/distutils/system_info.py:1849: UserWarning:
          Lapack (http://www.netlib.org/lapack/) libraries not found.
          Directories to search for the libraries can be specified in the
          numpy/distutils/site.cfg file (section [lapack]) or by setting
          the LAPACK environment variable.
        return getattr(self, '_calc_info_{}'.format(name))()
      lapack_src_info:
        NOT AVAILABLE
      
      /tmp/pip-install-a5vsr4m5/numpy_dcda37f446194c79bf002ecf357bdf80/numpy/distutils/system_info.py:1849: UserWarning:
          Lapack (http://www.netlib.org/lapack/) sources not found.
          Directories to search for the sources can be specified in the
          numpy/distutils/site.cfg file (section [lapack_src]) or by setting
          the LAPACK_SRC environment variable.
        return getattr(self, '_calc_info_{}'.format(name))()
        NOT AVAILABLE
      
      numpy_linalg_lapack_lite:
        FOUND:
          language = c
          define_macros = [('HAVE_BLAS_ILP64', None), ('BLAS_SYMBOL_SUFFIX', '64_')]
      
      /usr/lib/python3.10/distutils/dist.py:274: UserWarning: Unknown distribution option: 'define_macros'
        warnings.warn(msg)
      running bdist_wheel
      running build
      running config_cc
      unifing config_cc, config, build_clib, build_ext, build commands --compiler options
      running config_fc
      unifing config_fc, config, build_clib, build_ext, build commands --fcompiler options
      running build_src
      build_src
      building py_modules sources
      building library "npymath" sources
      Could not locate executable gfortran
      Could not locate executable f95
      Could not locate executable ifort
      Could not locate executable ifc
      Could not locate executable lf95
      Could not locate executable pgfortran
      Could not locate executable nvfortran
      Could not locate executable f90
      Could not locate executable f77
      Could not locate executable fort
      Could not locate executable efort
      Could not locate executable efc
      Could not locate executable g77
      Could not locate executable g95
      Could not locate executable pathf95
      Could not locate executable nagfor
      Could not locate executable frt
      don't know how to compile Fortran code on platform 'posix'
        adding 'build/src.linux-x86_64-3.10/numpy/core/src/npymath' to include_dirs.
      None - nothing done with h_files = ['build/src.linux-x86_64-3.10/numpy/core/src/npymath/npy_math_internal.h']
      building library "npyrandom" sources
      building extension "numpy.core._multiarray_tests" sources
      building extension "numpy.core._multiarray_umath" sources
        adding 'build/src.linux-x86_64-3.10/numpy/core/src/common' to include_dirs.
        adding 'build/src.linux-x86_64-3.10/numpy/core/src/umath' to include_dirs.
      numpy.core - nothing done with h_files = ['build/src.linux-x86_64-3.10/numpy/core/src/common/npy_sort.h', 'build/src.linux-x86_64-3.10/numpy/core/src/common/npy_partition.h', 'build/src.linux-x86_64-3.10/numpy/core/src/common/npy_binsearch.h', 'build/src.linux-x86_64-3.10/numpy/core/src/umath/funcs.inc', 'build/src.linux-x86_64-3.10/numpy/core/src/umath/simd.inc', 'build/src.linux-x86_64-3.10/numpy/core/src/umath/loops.h', 'build/src.linux-x86_64-3.10/numpy/core/src/umath/matmul.h', 'build/src.linux-x86_64-3.10/numpy/core/src/umath/clip.h', 'build/src.linux-x86_64-3.10/numpy/core/src/common/templ_common.h', 'build/src.linux-x86_64-3.10/numpy/core/include/numpy/config.h', 'build/src.linux-x86_64-3.10/numpy/core/include/numpy/_numpyconfig.h', 'build/src.linux-x86_64-3.10/numpy/core/include/numpy/__multiarray_api.h', 'build/src.linux-x86_64-3.10/numpy/core/include/numpy/__ufunc_api.h']
      building extension "numpy.core._umath_tests" sources
      building extension "numpy.core._rational_tests" sources
      building extension "numpy.core._struct_ufunc_tests" sources
      building extension "numpy.core._operand_flag_tests" sources
      building extension "numpy.core._simd" sources
        adding 'build/src.linux-x86_64-3.10/numpy/core/src/_simd' to include_dirs.
      numpy.core - nothing done with h_files = ['build/src.linux-x86_64-3.10/numpy/core/src/_simd/_simd_inc.h', 'build/src.linux-x86_64-3.10/numpy/core/src/_simd/_simd_data.inc']
      building extension "numpy.fft._pocketfft_internal" sources
      building extension "numpy.linalg.lapack_lite" sources
      ### Warning:  Using unoptimized lapack ###
      building extension "numpy.linalg._umath_linalg" sources
      ### Warning:  Using unoptimized lapack ###
      building extension "numpy.random._mt19937" sources
      building extension "numpy.random._philox" sources
      building extension "numpy.random._pcg64" sources
      building extension "numpy.random._sfc64" sources
      building extension "numpy.random._common" sources
      building extension "numpy.random.bit_generator" sources
      building extension "numpy.random._generator" sources
      building extension "numpy.random._bounded_integers" sources
      building extension "numpy.random.mtrand" sources
      building data_files sources
      build_src: building npy-pkg config files
      running build_py
      creating build/lib.linux-x86_64-3.10
      creating build/lib.linux-x86_64-3.10/numpy
      copying numpy/conftest.py -> build/lib.linux-x86_64-3.10/numpy
      copying numpy/_pytesttester.py -> build/lib.linux-x86_64-3.10/numpy
      copying numpy/version.py -> build/lib.linux-x86_64-3.10/numpy
      copying numpy/ctypeslib.py -> build/lib.linux-x86_64-3.10/numpy
      copying numpy/setup.py -> build/lib.linux-x86_64-3.10/numpy
      copying numpy/dual.py -> build/lib.linux-x86_64-3.10/numpy
      copying numpy/matlib.py -> build/lib.linux-x86_64-3.10/numpy
      copying numpy/__init__.py -> build/lib.linux-x86_64-3.10/numpy
      copying numpy/_distributor_init.py -> build/lib.linux-x86_64-3.10/numpy
      copying numpy/_globals.py -> build/lib.linux-x86_64-3.10/numpy
      copying build/src.linux-x86_64-3.10/numpy/__config__.py -> build/lib.linux-x86_64-3.10/numpy
      creating build/lib.linux-x86_64-3.10/numpy/compat
      copying numpy/compat/py3k.py -> build/lib.linux-x86_64-3.10/numpy/compat
      copying numpy/compat/_inspect.py -> build/lib.linux-x86_64-3.10/numpy/compat
      copying numpy/compat/setup.py -> build/lib.linux-x86_64-3.10/numpy/compat
      copying numpy/compat/__init__.py -> build/lib.linux-x86_64-3.10/numpy/compat
      creating build/lib.linux-x86_64-3.10/numpy/compat/tests
      copying numpy/compat/tests/__init__.py -> build/lib.linux-x86_64-3.10/numpy/compat/tests
      copying numpy/compat/tests/test_compat.py -> build/lib.linux-x86_64-3.10/numpy/compat/tests
      creating build/lib.linux-x86_64-3.10/numpy/core
      copying numpy/core/getlimits.py -> build/lib.linux-x86_64-3.10/numpy/core
      copying numpy/core/defchararray.py -> build/lib.linux-x86_64-3.10/numpy/core
      copying numpy/core/memmap.py -> build/lib.linux-x86_64-3.10/numpy/core
      copying numpy/core/_dtype.py -> build/lib.linux-x86_64-3.10/numpy/core
      copying numpy/core/einsumfunc.py -> build/lib.linux-x86_64-3.10/numpy/core
      copying numpy/core/function_base.py -> build/lib.linux-x86_64-3.10/numpy/core
      copying numpy/core/_add_newdocs_scalars.py -> build/lib.linux-x86_64-3.10/numpy/core
      copying numpy/core/umath.py -> build/lib.linux-x86_64-3.10/numpy/core
      copying numpy/core/numerictypes.py -> build/lib.linux-x86_64-3.10/numpy/core
      copying numpy/core/_ufunc_config.py -> build/lib.linux-x86_64-3.10/numpy/core
      copying numpy/core/setup.py -> build/lib.linux-x86_64-3.10/numpy/core
      copying numpy/core/shape_base.py -> build/lib.linux-x86_64-3.10/numpy/core
      copying numpy/core/machar.py -> build/lib.linux-x86_64-3.10/numpy/core
      copying numpy/core/_asarray.py -> build/lib.linux-x86_64-3.10/numpy/core
      copying numpy/core/_exceptions.py -> build/lib.linux-x86_64-3.10/numpy/core
      copying numpy/core/fromnumeric.py -> build/lib.linux-x86_64-3.10/numpy/core
      copying numpy/core/_methods.py -> build/lib.linux-x86_64-3.10/numpy/core
      copying numpy/core/_dtype_ctypes.py -> build/lib.linux-x86_64-3.10/numpy/core
      copying numpy/core/_internal.py -> build/lib.linux-x86_64-3.10/numpy/core
      copying numpy/core/_add_newdocs.py -> build/lib.linux-x86_64-3.10/numpy/core
      copying numpy/core/overrides.py -> build/lib.linux-x86_64-3.10/numpy/core
      copying numpy/core/__init__.py -> build/lib.linux-x86_64-3.10/numpy/core
      copying numpy/core/umath_tests.py -> build/lib.linux-x86_64-3.10/numpy/core
      copying numpy/core/multiarray.py -> build/lib.linux-x86_64-3.10/numpy/core
      copying numpy/core/records.py -> build/lib.linux-x86_64-3.10/numpy/core
      copying numpy/core/arrayprint.py -> build/lib.linux-x86_64-3.10/numpy/core
      copying numpy/core/numeric.py -> build/lib.linux-x86_64-3.10/numpy/core
      copying numpy/core/cversions.py -> build/lib.linux-x86_64-3.10/numpy/core
      copying numpy/core/setup_common.py -> build/lib.linux-x86_64-3.10/numpy/core
      copying numpy/core/_string_helpers.py -> build/lib.linux-x86_64-3.10/numpy/core
      copying numpy/core/_type_aliases.py -> build/lib.linux-x86_64-3.10/numpy/core
      copying numpy/core/code_generators/generate_numpy_api.py -> build/lib.linux-x86_64-3.10/numpy/core
      creating build/lib.linux-x86_64-3.10/numpy/core/tests
      copying numpy/core/tests/test_machar.py -> build/lib.linux-x86_64-3.10/numpy/core/tests
      copying numpy/core/tests/test_scalarinherit.py -> build/lib.linux-x86_64-3.10/numpy/core/tests
      copying numpy/core/tests/test_nditer.py -> build/lib.linux-x86_64-3.10/numpy/core/tests
      copying numpy/core/tests/test_half.py -> build/lib.linux-x86_64-3.10/numpy/core/tests
      copying numpy/core/tests/test_item_selection.py -> build/lib.linux-x86_64-3.10/numpy/core/tests
      copying numpy/core/tests/test_overrides.py -> build/lib.linux-x86_64-3.10/numpy/core/tests
      copying numpy/core/tests/test_datetime.py -> build/lib.linux-x86_64-3.10/numpy/core/tests
      copying numpy/core/tests/_locales.py -> build/lib.linux-x86_64-3.10/numpy/core/tests
      copying numpy/core/tests/test_dtype.py -> build/lib.linux-x86_64-3.10/numpy/core/tests
      copying numpy/core/tests/test_numeric.py -> build/lib.linux-x86_64-3.10/numpy/core/tests
      copying numpy/core/tests/test_scalar_ctors.py -> build/lib.linux-x86_64-3.10/numpy/core/tests
      copying numpy/core/tests/test__exceptions.py -> build/lib.linux-x86_64-3.10/numpy/core/tests
      copying numpy/core/tests/test_einsum.py -> build/lib.linux-x86_64-3.10/numpy/core/tests
      copying numpy/core/tests/test_scalarmath.py -> build/lib.linux-x86_64-3.10/numpy/core/tests
      copying numpy/core/tests/test_conversion_utils.py -> build/lib.linux-x86_64-3.10/numpy/core/tests
      copying numpy/core/tests/test_getlimits.py -> build/lib.linux-x86_64-3.10/numpy/core/tests
      copying numpy/core/tests/test_mem_overlap.py -> build/lib.linux-x86_64-3.10/numpy/core/tests
      copying numpy/core/tests/test_umath_accuracy.py -> build/lib.linux-x86_64-3.10/numpy/core/tests
      copying numpy/core/tests/test_cpu_features.py -> build/lib.linux-x86_64-3.10/numpy/core/tests
      copying numpy/core/tests/test_records.py -> build/lib.linux-x86_64-3.10/numpy/core/tests
      copying numpy/core/tests/test_arrayprint.py -> build/lib.linux-x86_64-3.10/numpy/core/tests
      copying numpy/core/tests/test_defchararray.py -> build/lib.linux-x86_64-3.10/numpy/core/tests
      copying numpy/core/tests/test_errstate.py -> build/lib.linux-x86_64-3.10/numpy/core/tests
      copying numpy/core/tests/test_umath_complex.py -> build/lib.linux-x86_64-3.10/numpy/core/tests
      copying numpy/core/tests/test_simd_module.py -> build/lib.linux-x86_64-3.10/numpy/core/tests
      copying numpy/core/tests/test_unicode.py -> build/lib.linux-x86_64-3.10/numpy/core/tests
      copying numpy/core/tests/test_multiarray.py -> build/lib.linux-x86_64-3.10/numpy/core/tests
      copying numpy/core/tests/test_cython.py -> build/lib.linux-x86_64-3.10/numpy/core/tests
      copying numpy/core/tests/test_longdouble.py -> build/lib.linux-x86_64-3.10/numpy/core/tests
      copying numpy/core/tests/test_array_coercion.py -> build/lib.linux-x86_64-3.10/numpy/core/tests
      copying numpy/core/tests/test_protocols.py -> build/lib.linux-x86_64-3.10/numpy/core/tests
      copying numpy/core/tests/test_api.py -> build/lib.linux-x86_64-3.10/numpy/core/tests
      copying numpy/core/tests/test_scalarprint.py -> build/lib.linux-x86_64-3.10/numpy/core/tests
      copying numpy/core/tests/test_memmap.py -> build/lib.linux-x86_64-3.10/numpy/core/tests
      copying numpy/core/tests/test_numerictypes.py -> build/lib.linux-x86_64-3.10/numpy/core/tests
      copying numpy/core/tests/__init__.py -> build/lib.linux-x86_64-3.10/numpy/core/tests
      copying numpy/core/tests/test_print.py -> build/lib.linux-x86_64-3.10/numpy/core/tests
      copying numpy/core/tests/test_indexing.py -> build/lib.linux-x86_64-3.10/numpy/core/tests
      copying numpy/core/tests/test_simd.py -> build/lib.linux-x86_64-3.10/numpy/core/tests
      copying numpy/core/tests/test_scalarbuffer.py -> build/lib.linux-x86_64-3.10/numpy/core/tests
      copying numpy/core/tests/test_function_base.py -> build/lib.linux-x86_64-3.10/numpy/core/tests
      copying numpy/core/tests/test_casting_unittests.py -> build/lib.linux-x86_64-3.10/numpy/core/tests
      copying numpy/core/tests/test_indexerrors.py -> build/lib.linux-x86_64-3.10/numpy/core/tests
      copying numpy/core/tests/test_umath.py -> build/lib.linux-x86_64-3.10/numpy/core/tests
      copying numpy/core/tests/test_deprecations.py -> build/lib.linux-x86_64-3.10/numpy/core/tests
      copying numpy/core/tests/test_ufunc.py -> build/lib.linux-x86_64-3.10/numpy/core/tests
      copying numpy/core/tests/test_shape_base.py -> build/lib.linux-x86_64-3.10/numpy/core/tests
      copying numpy/core/tests/test_abc.py -> build/lib.linux-x86_64-3.10/numpy/core/tests
      copying numpy/core/tests/test_regression.py -> build/lib.linux-x86_64-3.10/numpy/core/tests
      copying numpy/core/tests/test_extint128.py -> build/lib.linux-x86_64-3.10/numpy/core/tests
      copying numpy/core/tests/test_scalar_methods.py -> build/lib.linux-x86_64-3.10/numpy/core/tests
      copying numpy/core/tests/test_cpu_dispatcher.py -> build/lib.linux-x86_64-3.10/numpy/core/tests
      creating build/lib.linux-x86_64-3.10/numpy/distutils
      copying numpy/distutils/ccompiler.py -> build/lib.linux-x86_64-3.10/numpy/distutils
      copying numpy/distutils/numpy_distribution.py -> build/lib.linux-x86_64-3.10/numpy/distutils
      copying numpy/distutils/misc_util.py -> build/lib.linux-x86_64-3.10/numpy/distutils
      copying numpy/distutils/core.py -> build/lib.linux-x86_64-3.10/numpy/distutils
      copying numpy/distutils/line_endings.py -> build/lib.linux-x86_64-3.10/numpy/distutils
      copying numpy/distutils/log.py -> build/lib.linux-x86_64-3.10/numpy/distutils
      copying numpy/distutils/from_template.py -> build/lib.linux-x86_64-3.10/numpy/distutils
      copying numpy/distutils/unixccompiler.py -> build/lib.linux-x86_64-3.10/numpy/distutils
      copying numpy/distutils/npy_pkg_config.py -> build/lib.linux-x86_64-3.10/numpy/distutils
      copying numpy/distutils/setup.py -> build/lib.linux-x86_64-3.10/numpy/distutils
      copying numpy/distutils/extension.py -> build/lib.linux-x86_64-3.10/numpy/distutils
      copying numpy/distutils/pathccompiler.py -> build/lib.linux-x86_64-3.10/numpy/distutils
      copying numpy/distutils/_shell_utils.py -> build/lib.linux-x86_64-3.10/numpy/distutils
      copying numpy/distutils/system_info.py -> build/lib.linux-x86_64-3.10/numpy/distutils
      copying numpy/distutils/cpuinfo.py -> build/lib.linux-x86_64-3.10/numpy/distutils
      copying numpy/distutils/lib2def.py -> build/lib.linux-x86_64-3.10/numpy/distutils
      copying numpy/distutils/msvccompiler.py -> build/lib.linux-x86_64-3.10/numpy/distutils
      copying numpy/distutils/__init__.py -> build/lib.linux-x86_64-3.10/numpy/distutils
      copying numpy/distutils/exec_command.py -> build/lib.linux-x86_64-3.10/numpy/distutils
      copying numpy/distutils/mingw32ccompiler.py -> build/lib.linux-x86_64-3.10/numpy/distutils
      copying numpy/distutils/ccompiler_opt.py -> build/lib.linux-x86_64-3.10/numpy/distutils
      copying numpy/distutils/conv_template.py -> build/lib.linux-x86_64-3.10/numpy/distutils
      copying numpy/distutils/intelccompiler.py -> build/lib.linux-x86_64-3.10/numpy/distutils
      copying numpy/distutils/msvc9compiler.py -> build/lib.linux-x86_64-3.10/numpy/distutils
      copying build/src.linux-x86_64-3.10/numpy/distutils/__config__.py -> build/lib.linux-x86_64-3.10/numpy/distutils
      creating build/lib.linux-x86_64-3.10/numpy/distutils/command
      copying numpy/distutils/command/build.py -> build/lib.linux-x86_64-3.10/numpy/distutils/command
      copying numpy/distutils/command/build_clib.py -> build/lib.linux-x86_64-3.10/numpy/distutils/command
      copying numpy/distutils/command/install_clib.py -> build/lib.linux-x86_64-3.10/numpy/distutils/command
      copying numpy/distutils/command/bdist_rpm.py -> build/lib.linux-x86_64-3.10/numpy/distutils/command
      copying numpy/distutils/command/install_headers.py -> build/lib.linux-x86_64-3.10/numpy/distutils/command
      copying numpy/distutils/command/config_compiler.py -> build/lib.linux-x86_64-3.10/numpy/distutils/command
      copying numpy/distutils/command/build_scripts.py -> build/lib.linux-x86_64-3.10/numpy/distutils/command
      copying numpy/distutils/command/sdist.py -> build/lib.linux-x86_64-3.10/numpy/distutils/command
      copying numpy/distutils/command/build_py.py -> build/lib.linux-x86_64-3.10/numpy/distutils/command
      copying numpy/distutils/command/install.py -> build/lib.linux-x86_64-3.10/numpy/distutils/command
      copying numpy/distutils/command/autodist.py -> build/lib.linux-x86_64-3.10/numpy/distutils/command
      copying numpy/distutils/command/build_ext.py -> build/lib.linux-x86_64-3.10/numpy/distutils/command
      copying numpy/distutils/command/config.py -> build/lib.linux-x86_64-3.10/numpy/distutils/command
      copying numpy/distutils/command/build_src.py -> build/lib.linux-x86_64-3.10/numpy/distutils/command
      copying numpy/distutils/command/install_data.py -> build/lib.linux-x86_64-3.10/numpy/distutils/command
      copying numpy/distutils/command/__init__.py -> build/lib.linux-x86_64-3.10/numpy/distutils/command
      copying numpy/distutils/command/egg_info.py -> build/lib.linux-x86_64-3.10/numpy/distutils/command
      copying numpy/distutils/command/develop.py -> build/lib.linux-x86_64-3.10/numpy/distutils/command
      creating build/lib.linux-x86_64-3.10/numpy/distutils/fcompiler
      copying numpy/distutils/fcompiler/g95.py -> build/lib.linux-x86_64-3.10/numpy/distutils/fcompiler
      copying numpy/distutils/fcompiler/nv.py -> build/lib.linux-x86_64-3.10/numpy/distutils/fcompiler
      copying numpy/distutils/fcompiler/environment.py -> build/lib.linux-x86_64-3.10/numpy/distutils/fcompiler
      copying numpy/distutils/fcompiler/intel.py -> build/lib.linux-x86_64-3.10/numpy/distutils/fcompiler
      copying numpy/distutils/fcompiler/nag.py -> build/lib.linux-x86_64-3.10/numpy/distutils/fcompiler
      copying numpy/distutils/fcompiler/compaq.py -> build/lib.linux-x86_64-3.10/numpy/distutils/fcompiler
      copying numpy/distutils/fcompiler/pathf95.py -> build/lib.linux-x86_64-3.10/numpy/distutils/fcompiler
      copying numpy/distutils/fcompiler/sun.py -> build/lib.linux-x86_64-3.10/numpy/distutils/fcompiler
      copying numpy/distutils/fcompiler/fujitsu.py -> build/lib.linux-x86_64-3.10/numpy/distutils/fcompiler
      copying numpy/distutils/fcompiler/vast.py -> build/lib.linux-x86_64-3.10/numpy/distutils/fcompiler
      copying numpy/distutils/fcompiler/none.py -> build/lib.linux-x86_64-3.10/numpy/distutils/fcompiler
      copying numpy/distutils/fcompiler/pg.py -> build/lib.linux-x86_64-3.10/numpy/distutils/fcompiler
      copying numpy/distutils/fcompiler/ibm.py -> build/lib.linux-x86_64-3.10/numpy/distutils/fcompiler
      copying numpy/distutils/fcompiler/absoft.py -> build/lib.linux-x86_64-3.10/numpy/distutils/fcompiler
      copying numpy/distutils/fcompiler/__init__.py -> build/lib.linux-x86_64-3.10/numpy/distutils/fcompiler
      copying numpy/distutils/fcompiler/hpux.py -> build/lib.linux-x86_64-3.10/numpy/distutils/fcompiler
      copying numpy/distutils/fcompiler/mips.py -> build/lib.linux-x86_64-3.10/numpy/distutils/fcompiler
      copying numpy/distutils/fcompiler/lahey.py -> build/lib.linux-x86_64-3.10/numpy/distutils/fcompiler
      copying numpy/distutils/fcompiler/gnu.py -> build/lib.linux-x86_64-3.10/numpy/distutils/fcompiler
      creating build/lib.linux-x86_64-3.10/numpy/distutils/tests
      copying numpy/distutils/tests/test_fcompiler_gnu.py -> build/lib.linux-x86_64-3.10/numpy/distutils/tests
      copying numpy/distutils/tests/test_mingw32ccompiler.py -> build/lib.linux-x86_64-3.10/numpy/distutils/tests
      copying numpy/distutils/tests/test_build_ext.py -> build/lib.linux-x86_64-3.10/numpy/distutils/tests
      copying numpy/distutils/tests/test_exec_command.py -> build/lib.linux-x86_64-3.10/numpy/distutils/tests
      copying numpy/distutils/tests/test_fcompiler_nagfor.py -> build/lib.linux-x86_64-3.10/numpy/distutils/tests
      copying numpy/distutils/tests/test_misc_util.py -> build/lib.linux-x86_64-3.10/numpy/distutils/tests
      copying numpy/distutils/tests/test_fcompiler.py -> build/lib.linux-x86_64-3.10/numpy/distutils/tests
      copying numpy/distutils/tests/test_shell_utils.py -> build/lib.linux-x86_64-3.10/numpy/distutils/tests
      copying numpy/distutils/tests/__init__.py -> build/lib.linux-x86_64-3.10/numpy/distutils/tests
      copying numpy/distutils/tests/test_system_info.py -> build/lib.linux-x86_64-3.10/numpy/distutils/tests
      copying numpy/distutils/tests/test_ccompiler_opt.py -> build/lib.linux-x86_64-3.10/numpy/distutils/tests
      copying numpy/distutils/tests/test_npy_pkg_config.py -> build/lib.linux-x86_64-3.10/numpy/distutils/tests
      copying numpy/distutils/tests/test_ccompiler_opt_conf.py -> build/lib.linux-x86_64-3.10/numpy/distutils/tests
      copying numpy/distutils/tests/test_fcompiler_intel.py -> build/lib.linux-x86_64-3.10/numpy/distutils/tests
      copying numpy/distutils/tests/test_from_template.py -> build/lib.linux-x86_64-3.10/numpy/distutils/tests
      creating build/lib.linux-x86_64-3.10/numpy/doc
      copying numpy/doc/constants.py -> build/lib.linux-x86_64-3.10/numpy/doc
      copying numpy/doc/__init__.py -> build/lib.linux-x86_64-3.10/numpy/doc
      copying numpy/doc/ufuncs.py -> build/lib.linux-x86_64-3.10/numpy/doc
      creating build/lib.linux-x86_64-3.10/numpy/f2py
      copying numpy/f2py/auxfuncs.py -> build/lib.linux-x86_64-3.10/numpy/f2py
      copying numpy/f2py/func2subr.py -> build/lib.linux-x86_64-3.10/numpy/f2py
      copying numpy/f2py/rules.py -> build/lib.linux-x86_64-3.10/numpy/f2py
      copying numpy/f2py/f90mod_rules.py -> build/lib.linux-x86_64-3.10/numpy/f2py
      copying numpy/f2py/__version__.py -> build/lib.linux-x86_64-3.10/numpy/f2py
      copying numpy/f2py/use_rules.py -> build/lib.linux-x86_64-3.10/numpy/f2py
      copying numpy/f2py/f2py_testing.py -> build/lib.linux-x86_64-3.10/numpy/f2py
      copying numpy/f2py/cb_rules.py -> build/lib.linux-x86_64-3.10/numpy/f2py
      copying numpy/f2py/setup.py -> build/lib.linux-x86_64-3.10/numpy/f2py
      copying numpy/f2py/f2py2e.py -> build/lib.linux-x86_64-3.10/numpy/f2py
      copying numpy/f2py/__main__.py -> build/lib.linux-x86_64-3.10/numpy/f2py
      copying numpy/f2py/cfuncs.py -> build/lib.linux-x86_64-3.10/numpy/f2py
      copying numpy/f2py/__init__.py -> build/lib.linux-x86_64-3.10/numpy/f2py
      copying numpy/f2py/crackfortran.py -> build/lib.linux-x86_64-3.10/numpy/f2py
      copying numpy/f2py/common_rules.py -> build/lib.linux-x86_64-3.10/numpy/f2py
      copying numpy/f2py/diagnose.py -> build/lib.linux-x86_64-3.10/numpy/f2py
      copying numpy/f2py/capi_maps.py -> build/lib.linux-x86_64-3.10/numpy/f2py
      creating build/lib.linux-x86_64-3.10/numpy/f2py/tests
      copying numpy/f2py/tests/test_assumed_shape.py -> build/lib.linux-x86_64-3.10/numpy/f2py/tests
      copying numpy/f2py/tests/test_size.py -> build/lib.linux-x86_64-3.10/numpy/f2py/tests
      copying numpy/f2py/tests/test_callback.py -> build/lib.linux-x86_64-3.10/numpy/f2py/tests
      copying numpy/f2py/tests/test_block_docstring.py -> build/lib.linux-x86_64-3.10/numpy/f2py/tests
      copying numpy/f2py/tests/test_return_integer.py -> build/lib.linux-x86_64-3.10/numpy/f2py/tests
      copying numpy/f2py/tests/test_array_from_pyobj.py -> build/lib.linux-x86_64-3.10/numpy/f2py/tests
      copying numpy/f2py/tests/test_kind.py -> build/lib.linux-x86_64-3.10/numpy/f2py/tests
      copying numpy/f2py/tests/test_string.py -> build/lib.linux-x86_64-3.10/numpy/f2py/tests
      copying numpy/f2py/tests/test_module_doc.py -> build/lib.linux-x86_64-3.10/numpy/f2py/tests
      copying numpy/f2py/tests/test_return_character.py -> build/lib.linux-x86_64-3.10/numpy/f2py/tests
      copying numpy/f2py/tests/test_return_real.py -> build/lib.linux-x86_64-3.10/numpy/f2py/tests
      copying numpy/f2py/tests/test_crackfortran.py -> build/lib.linux-x86_64-3.10/numpy/f2py/tests
      copying numpy/f2py/tests/util.py -> build/lib.linux-x86_64-3.10/numpy/f2py/tests
      copying numpy/f2py/tests/test_quoted_character.py -> build/lib.linux-x86_64-3.10/numpy/f2py/tests
      copying numpy/f2py/tests/test_parameter.py -> build/lib.linux-x86_64-3.10/numpy/f2py/tests
      copying numpy/f2py/tests/__init__.py -> build/lib.linux-x86_64-3.10/numpy/f2py/tests
      copying numpy/f2py/tests/test_semicolon_split.py -> build/lib.linux-x86_64-3.10/numpy/f2py/tests
      copying numpy/f2py/tests/test_mixed.py -> build/lib.linux-x86_64-3.10/numpy/f2py/tests
      copying numpy/f2py/tests/test_return_complex.py -> build/lib.linux-x86_64-3.10/numpy/f2py/tests
      copying numpy/f2py/tests/test_return_logical.py -> build/lib.linux-x86_64-3.10/numpy/f2py/tests
      copying numpy/f2py/tests/test_regression.py -> build/lib.linux-x86_64-3.10/numpy/f2py/tests
      copying numpy/f2py/tests/test_common.py -> build/lib.linux-x86_64-3.10/numpy/f2py/tests
      copying numpy/f2py/tests/test_compile_function.py -> build/lib.linux-x86_64-3.10/numpy/f2py/tests
      creating build/lib.linux-x86_64-3.10/numpy/fft
      copying numpy/fft/helper.py -> build/lib.linux-x86_64-3.10/numpy/fft
      copying numpy/fft/setup.py -> build/lib.linux-x86_64-3.10/numpy/fft
      copying numpy/fft/_pocketfft.py -> build/lib.linux-x86_64-3.10/numpy/fft
      copying numpy/fft/__init__.py -> build/lib.linux-x86_64-3.10/numpy/fft
      creating build/lib.linux-x86_64-3.10/numpy/fft/tests
      copying numpy/fft/tests/test_pocketfft.py -> build/lib.linux-x86_64-3.10/numpy/fft/tests
      copying numpy/fft/tests/test_helper.py -> build/lib.linux-x86_64-3.10/numpy/fft/tests
      copying numpy/fft/tests/__init__.py -> build/lib.linux-x86_64-3.10/numpy/fft/tests
      creating build/lib.linux-x86_64-3.10/numpy/lib
      copying numpy/lib/mixins.py -> build/lib.linux-x86_64-3.10/numpy/lib
      copying numpy/lib/nanfunctions.py -> build/lib.linux-x86_64-3.10/numpy/lib
      copying numpy/lib/histograms.py -> build/lib.linux-x86_64-3.10/numpy/lib
      copying numpy/lib/function_base.py -> build/lib.linux-x86_64-3.10/numpy/lib
      copying numpy/lib/ufunclike.py -> build/lib.linux-x86_64-3.10/numpy/lib
      copying numpy/lib/npyio.py -> build/lib.linux-x86_64-3.10/numpy/lib
      copying numpy/lib/setup.py -> build/lib.linux-x86_64-3.10/numpy/lib
      copying numpy/lib/_datasource.py -> build/lib.linux-x86_64-3.10/numpy/lib
      copying numpy/lib/shape_base.py -> build/lib.linux-x86_64-3.10/numpy/lib
      copying numpy/lib/polynomial.py -> build/lib.linux-x86_64-3.10/numpy/lib
      copying numpy/lib/recfunctions.py -> build/lib.linux-x86_64-3.10/numpy/lib
      copying numpy/lib/_version.py -> build/lib.linux-x86_64-3.10/numpy/lib
      copying numpy/lib/index_tricks.py -> build/lib.linux-x86_64-3.10/numpy/lib
      copying numpy/lib/type_check.py -> build/lib.linux-x86_64-3.10/numpy/lib
      copying numpy/lib/arraysetops.py -> build/lib.linux-x86_64-3.10/numpy/lib
      copying numpy/lib/twodim_base.py -> build/lib.linux-x86_64-3.10/numpy/lib
      copying numpy/lib/_iotools.py -> build/lib.linux-x86_64-3.10/numpy/lib
      copying numpy/lib/format.py -> build/lib.linux-x86_64-3.10/numpy/lib
      copying numpy/lib/arraypad.py -> build/lib.linux-x86_64-3.10/numpy/lib
      copying numpy/lib/__init__.py -> build/lib.linux-x86_64-3.10/numpy/lib
      copying numpy/lib/arrayterator.py -> build/lib.linux-x86_64-3.10/numpy/lib
      copying numpy/lib/scimath.py -> build/lib.linux-x86_64-3.10/numpy/lib
      copying numpy/lib/utils.py -> build/lib.linux-x86_64-3.10/numpy/lib
      copying numpy/lib/stride_tricks.py -> build/lib.linux-x86_64-3.10/numpy/lib
      copying numpy/lib/user_array.py -> build/lib.linux-x86_64-3.10/numpy/lib
      creating build/lib.linux-x86_64-3.10/numpy/lib/tests
      copying numpy/lib/tests/test_recfunctions.py -> build/lib.linux-x86_64-3.10/numpy/lib/tests
      copying numpy/lib/tests/test_arrayterator.py -> build/lib.linux-x86_64-3.10/numpy/lib/tests
      copying numpy/lib/tests/test_utils.py -> build/lib.linux-x86_64-3.10/numpy/lib/tests
      copying numpy/lib/tests/test_financial_expired.py -> build/lib.linux-x86_64-3.10/numpy/lib/tests
      copying numpy/lib/tests/test_stride_tricks.py -> build/lib.linux-x86_64-3.10/numpy/lib/tests
      copying numpy/lib/tests/test_mixins.py -> build/lib.linux-x86_64-3.10/numpy/lib/tests
      copying numpy/lib/tests/test__datasource.py -> build/lib.linux-x86_64-3.10/numpy/lib/tests
      copying numpy/lib/tests/test_histograms.py -> build/lib.linux-x86_64-3.10/numpy/lib/tests
      copying numpy/lib/tests/test_io.py -> build/lib.linux-x86_64-3.10/numpy/lib/tests
      copying numpy/lib/tests/test_type_check.py -> build/lib.linux-x86_64-3.10/numpy/lib/tests
      copying numpy/lib/tests/test_packbits.py -> build/lib.linux-x86_64-3.10/numpy/lib/tests
      copying numpy/lib/tests/test_index_tricks.py -> build/lib.linux-x86_64-3.10/numpy/lib/tests
      copying numpy/lib/tests/__init__.py -> build/lib.linux-x86_64-3.10/numpy/lib/tests
      copying numpy/lib/tests/test_twodim_base.py -> build/lib.linux-x86_64-3.10/numpy/lib/tests
      copying numpy/lib/tests/test_format.py -> build/lib.linux-x86_64-3.10/numpy/lib/tests
      copying numpy/lib/tests/test_function_base.py -> build/lib.linux-x86_64-3.10/numpy/lib/tests
      copying numpy/lib/tests/test_ufunclike.py -> build/lib.linux-x86_64-3.10/numpy/lib/tests
      copying numpy/lib/tests/test__version.py -> build/lib.linux-x86_64-3.10/numpy/lib/tests
      copying numpy/lib/tests/test_arraysetops.py -> build/lib.linux-x86_64-3.10/numpy/lib/tests
      copying numpy/lib/tests/test_shape_base.py -> build/lib.linux-x86_64-3.10/numpy/lib/tests
      copying numpy/lib/tests/test__iotools.py -> build/lib.linux-x86_64-3.10/numpy/lib/tests
      copying numpy/lib/tests/test_regression.py -> build/lib.linux-x86_64-3.10/numpy/lib/tests
      copying numpy/lib/tests/test_polynomial.py -> build/lib.linux-x86_64-3.10/numpy/lib/tests
      copying numpy/lib/tests/test_nanfunctions.py -> build/lib.linux-x86_64-3.10/numpy/lib/tests
      copying numpy/lib/tests/test_arraypad.py -> build/lib.linux-x86_64-3.10/numpy/lib/tests
      creating build/lib.linux-x86_64-3.10/numpy/linalg
      copying numpy/linalg/linalg.py -> build/lib.linux-x86_64-3.10/numpy/linalg
      copying numpy/linalg/setup.py -> build/lib.linux-x86_64-3.10/numpy/linalg
      copying numpy/linalg/__init__.py -> build/lib.linux-x86_64-3.10/numpy/linalg
      creating build/lib.linux-x86_64-3.10/numpy/linalg/tests
      copying numpy/linalg/tests/test_build.py -> build/lib.linux-x86_64-3.10/numpy/linalg/tests
      copying numpy/linalg/tests/__init__.py -> build/lib.linux-x86_64-3.10/numpy/linalg/tests
      copying numpy/linalg/tests/test_deprecations.py -> build/lib.linux-x86_64-3.10/numpy/linalg/tests
      copying numpy/linalg/tests/test_linalg.py -> build/lib.linux-x86_64-3.10/numpy/linalg/tests
      copying numpy/linalg/tests/test_regression.py -> build/lib.linux-x86_64-3.10/numpy/linalg/tests
      creating build/lib.linux-x86_64-3.10/numpy/ma
      copying numpy/ma/bench.py -> build/lib.linux-x86_64-3.10/numpy/ma
      copying numpy/ma/core.py -> build/lib.linux-x86_64-3.10/numpy/ma
      copying numpy/ma/testutils.py -> build/lib.linux-x86_64-3.10/numpy/ma
      copying numpy/ma/setup.py -> build/lib.linux-x86_64-3.10/numpy/ma
      copying numpy/ma/timer_comparison.py -> build/lib.linux-x86_64-3.10/numpy/ma
      copying numpy/ma/mrecords.py -> build/lib.linux-x86_64-3.10/numpy/ma
      copying numpy/ma/__init__.py -> build/lib.linux-x86_64-3.10/numpy/ma
      copying numpy/ma/extras.py -> build/lib.linux-x86_64-3.10/numpy/ma
      creating build/lib.linux-x86_64-3.10/numpy/ma/tests
      copying numpy/ma/tests/test_subclassing.py -> build/lib.linux-x86_64-3.10/numpy/ma/tests
      copying numpy/ma/tests/test_mrecords.py -> build/lib.linux-x86_64-3.10/numpy/ma/tests
      copying numpy/ma/tests/test_extras.py -> build/lib.linux-x86_64-3.10/numpy/ma/tests
      copying numpy/ma/tests/test_old_ma.py -> build/lib.linux-x86_64-3.10/numpy/ma/tests
      copying numpy/ma/tests/test_core.py -> build/lib.linux-x86_64-3.10/numpy/ma/tests
      copying numpy/ma/tests/__init__.py -> build/lib.linux-x86_64-3.10/numpy/ma/tests
      copying numpy/ma/tests/test_deprecations.py -> build/lib.linux-x86_64-3.10/numpy/ma/tests
      copying numpy/ma/tests/test_regression.py -> build/lib.linux-x86_64-3.10/numpy/ma/tests
      creating build/lib.linux-x86_64-3.10/numpy/matrixlib
      copying numpy/matrixlib/setup.py -> build/lib.linux-x86_64-3.10/numpy/matrixlib
      copying numpy/matrixlib/defmatrix.py -> build/lib.linux-x86_64-3.10/numpy/matrixlib
      copying numpy/matrixlib/__init__.py -> build/lib.linux-x86_64-3.10/numpy/matrixlib
      creating build/lib.linux-x86_64-3.10/numpy/matrixlib/tests
      copying numpy/matrixlib/tests/test_masked_matrix.py -> build/lib.linux-x86_64-3.10/numpy/matrixlib/tests
      copying numpy/matrixlib/tests/test_numeric.py -> build/lib.linux-x86_64-3.10/numpy/matrixlib/tests
      copying numpy/matrixlib/tests/test_multiarray.py -> build/lib.linux-x86_64-3.10/numpy/matrixlib/tests
      copying numpy/matrixlib/tests/test_matrix_linalg.py -> build/lib.linux-x86_64-3.10/numpy/matrixlib/tests
      copying numpy/matrixlib/tests/test_interaction.py -> build/lib.linux-x86_64-3.10/numpy/matrixlib/tests
      copying numpy/matrixlib/tests/__init__.py -> build/lib.linux-x86_64-3.10/numpy/matrixlib/tests
      copying numpy/matrixlib/tests/test_regression.py -> build/lib.linux-x86_64-3.10/numpy/matrixlib/tests
      copying numpy/matrixlib/tests/test_defmatrix.py -> build/lib.linux-x86_64-3.10/numpy/matrixlib/tests
      creating build/lib.linux-x86_64-3.10/numpy/polynomial
      copying numpy/polynomial/hermite_e.py -> build/lib.linux-x86_64-3.10/numpy/polynomial
      copying numpy/polynomial/polyutils.py -> build/lib.linux-x86_64-3.10/numpy/polynomial
      copying numpy/polynomial/legendre.py -> build/lib.linux-x86_64-3.10/numpy/polynomial
      copying numpy/polynomial/_polybase.py -> build/lib.linux-x86_64-3.10/numpy/polynomial
      copying numpy/polynomial/setup.py -> build/lib.linux-x86_64-3.10/numpy/polynomial
      copying numpy/polynomial/polynomial.py -> build/lib.linux-x86_64-3.10/numpy/polynomial
      copying numpy/polynomial/__init__.py -> build/lib.linux-x86_64-3.10/numpy/polynomial
      copying numpy/polynomial/hermite.py -> build/lib.linux-x86_64-3.10/numpy/polynomial
      copying numpy/polynomial/laguerre.py -> build/lib.linux-x86_64-3.10/numpy/polynomial
      copying numpy/polynomial/chebyshev.py -> build/lib.linux-x86_64-3.10/numpy/polynomial
      creating build/lib.linux-x86_64-3.10/numpy/polynomial/tests
      copying numpy/polynomial/tests/test_legendre.py -> build/lib.linux-x86_64-3.10/numpy/polynomial/tests
      copying numpy/polynomial/tests/test_hermite.py -> build/lib.linux-x86_64-3.10/numpy/polynomial/tests
      copying numpy/polynomial/tests/test_chebyshev.py -> build/lib.linux-x86_64-3.10/numpy/polynomial/tests
      copying numpy/polynomial/tests/test_printing.py -> build/lib.linux-x86_64-3.10/numpy/polynomial/tests
      copying numpy/polynomial/tests/test_classes.py -> build/lib.linux-x86_64-3.10/numpy/polynomial/tests
      copying numpy/polynomial/tests/__init__.py -> build/lib.linux-x86_64-3.10/numpy/polynomial/tests
      copying numpy/polynomial/tests/test_hermite_e.py -> build/lib.linux-x86_64-3.10/numpy/polynomial/tests
      copying numpy/polynomial/tests/test_polynomial.py -> build/lib.linux-x86_64-3.10/numpy/polynomial/tests
      copying numpy/polynomial/tests/test_laguerre.py -> build/lib.linux-x86_64-3.10/numpy/polynomial/tests
      copying numpy/polynomial/tests/test_polyutils.py -> build/lib.linux-x86_64-3.10/numpy/polynomial/tests
      creating build/lib.linux-x86_64-3.10/numpy/random
      copying numpy/random/setup.py -> build/lib.linux-x86_64-3.10/numpy/random
      copying numpy/random/_pickle.py -> build/lib.linux-x86_64-3.10/numpy/random
      copying numpy/random/__init__.py -> build/lib.linux-x86_64-3.10/numpy/random
      creating build/lib.linux-x86_64-3.10/numpy/random/tests
      copying numpy/random/tests/test_smoke.py -> build/lib.linux-x86_64-3.10/numpy/random/tests
      copying numpy/random/tests/test_randomstate_regression.py -> build/lib.linux-x86_64-3.10/numpy/random/tests
      copying numpy/random/tests/test_generator_mt19937.py -> build/lib.linux-x86_64-3.10/numpy/random/tests
      copying numpy/random/tests/test_random.py -> build/lib.linux-x86_64-3.10/numpy/random/tests
      copying numpy/random/tests/test_direct.py -> build/lib.linux-x86_64-3.10/numpy/random/tests
      copying numpy/random/tests/test_generator_mt19937_regressions.py -> build/lib.linux-x86_64-3.10/numpy/random/tests
      copying numpy/random/tests/__init__.py -> build/lib.linux-x86_64-3.10/numpy/random/tests
      copying numpy/random/tests/test_seed_sequence.py -> build/lib.linux-x86_64-3.10/numpy/random/tests
      copying numpy/random/tests/test_extending.py -> build/lib.linux-x86_64-3.10/numpy/random/tests
      copying numpy/random/tests/test_regression.py -> build/lib.linux-x86_64-3.10/numpy/random/tests
      copying numpy/random/tests/test_randomstate.py -> build/lib.linux-x86_64-3.10/numpy/random/tests
      creating build/lib.linux-x86_64-3.10/numpy/testing
      copying numpy/testing/setup.py -> build/lib.linux-x86_64-3.10/numpy/testing
      copying numpy/testing/__init__.py -> build/lib.linux-x86_64-3.10/numpy/testing
      copying numpy/testing/utils.py -> build/lib.linux-x86_64-3.10/numpy/testing
      copying numpy/testing/print_coercion_tables.py -> build/lib.linux-x86_64-3.10/numpy/testing
      creating build/lib.linux-x86_64-3.10/numpy/testing/_private
      copying numpy/testing/_private/nosetester.py -> build/lib.linux-x86_64-3.10/numpy/testing/_private
      copying numpy/testing/_private/parameterized.py -> build/lib.linux-x86_64-3.10/numpy/testing/_private
      copying numpy/testing/_private/noseclasses.py -> build/lib.linux-x86_64-3.10/numpy/testing/_private
      copying numpy/testing/_private/decorators.py -> build/lib.linux-x86_64-3.10/numpy/testing/_private
      copying numpy/testing/_private/__init__.py -> build/lib.linux-x86_64-3.10/numpy/testing/_private
      copying numpy/testing/_private/utils.py -> build/lib.linux-x86_64-3.10/numpy/testing/_private
      creating build/lib.linux-x86_64-3.10/numpy/testing/tests
      copying numpy/testing/tests/test_utils.py -> build/lib.linux-x86_64-3.10/numpy/testing/tests
      copying numpy/testing/tests/test_doctesting.py -> build/lib.linux-x86_64-3.10/numpy/testing/tests
      copying numpy/testing/tests/__init__.py -> build/lib.linux-x86_64-3.10/numpy/testing/tests
      copying numpy/testing/tests/test_decorators.py -> build/lib.linux-x86_64-3.10/numpy/testing/tests
      creating build/lib.linux-x86_64-3.10/numpy/typing
      copying numpy/typing/_scalars.py -> build/lib.linux-x86_64-3.10/numpy/typing
      copying numpy/typing/_dtype_like.py -> build/lib.linux-x86_64-3.10/numpy/typing
      copying numpy/typing/_array_like.py -> build/lib.linux-x86_64-3.10/numpy/typing
      copying numpy/typing/setup.py -> build/lib.linux-x86_64-3.10/numpy/typing
      copying numpy/typing/_add_docstring.py -> build/lib.linux-x86_64-3.10/numpy/typing
      copying numpy/typing/__init__.py -> build/lib.linux-x86_64-3.10/numpy/typing
      copying numpy/typing/_callable.py -> build/lib.linux-x86_64-3.10/numpy/typing
      copying numpy/typing/_shape.py -> build/lib.linux-x86_64-3.10/numpy/typing
      creating build/lib.linux-x86_64-3.10/numpy/typing/tests
      copying numpy/typing/tests/test_isfile.py -> build/lib.linux-x86_64-3.10/numpy/typing/tests
      copying numpy/typing/tests/__init__.py -> build/lib.linux-x86_64-3.10/numpy/typing/tests
      copying numpy/typing/tests/test_typing.py -> build/lib.linux-x86_64-3.10/numpy/typing/tests
      creating build/lib.linux-x86_64-3.10/numpy/tests
      copying numpy/tests/test_public_api.py -> build/lib.linux-x86_64-3.10/numpy/tests
      copying numpy/tests/test_ctypeslib.py -> build/lib.linux-x86_64-3.10/numpy/tests
      copying numpy/tests/test_scripts.py -> build/lib.linux-x86_64-3.10/numpy/tests
      copying numpy/tests/test_numpy_version.py -> build/lib.linux-x86_64-3.10/numpy/tests
      copying numpy/tests/test_warnings.py -> build/lib.linux-x86_64-3.10/numpy/tests
      copying numpy/tests/__init__.py -> build/lib.linux-x86_64-3.10/numpy/tests
      copying numpy/tests/test_reloading.py -> build/lib.linux-x86_64-3.10/numpy/tests
      copying numpy/tests/test_matlib.py -> build/lib.linux-x86_64-3.10/numpy/tests
      running build_clib
      customize UnixCCompiler
      customize UnixCCompiler using new_build_clib
      CCompilerOpt.cc_test_flags[999] : testing flags (-march=native)
      C compiler: x86_64-linux-gnu-gcc -Wno-unused-result -Wsign-compare -DNDEBUG -g -fwrapv -O2 -Wall -g -fstack-protector-strong -Wformat -Werror=format-security -g -fwrapv -O2 -g -fstack-protector-strong -Wformat -Werror=format-security -Wdate-time -D_FORTIFY_SOURCE=2 -fPIC
      
      creating /tmp/tmpwslepoyh/tmp
      creating /tmp/tmpwslepoyh/tmp/pip-install-a5vsr4m5
      creating /tmp/tmpwslepoyh/tmp/pip-install-a5vsr4m5/numpy_dcda37f446194c79bf002ecf357bdf80
      creating /tmp/tmpwslepoyh/tmp/pip-install-a5vsr4m5/numpy_dcda37f446194c79bf002ecf357bdf80/numpy
      creating /tmp/tmpwslepoyh/tmp/pip-install-a5vsr4m5/numpy_dcda37f446194c79bf002ecf357bdf80/numpy/distutils
      creating /tmp/tmpwslepoyh/tmp/pip-install-a5vsr4m5/numpy_dcda37f446194c79bf002ecf357bdf80/numpy/distutils/checks
      compile options: '-Inumpy/core/src/common -Inumpy/core/src -Inumpy/core -Inumpy/core/src/npymath -Inumpy/core/src/multiarray -Inumpy/core/src/umath -Inumpy/core/src/npysort -Inumpy/core/src/_simd -I/home/heidless/dash-sample-apps/apps/dash-baseball-statistics/venv/include -I/usr/include/python3.10 -Ibuild/src.linux-x86_64-3.10/numpy/core/src/common -Ibuild/src.linux-x86_64-3.10/numpy/core/src/npymath -c'
      extra options: '-march=native'
      CCompilerOpt.cc_test_flags[999] : testing flags (-O3)
      C compiler: x86_64-linux-gnu-gcc -Wno-unused-result -Wsign-compare -DNDEBUG -g -fwrapv -O2 -Wall -g -fstack-protector-strong -Wformat -Werror=format-security -g -fwrapv -O2 -g -fstack-protector-strong -Wformat -Werror=format-security -Wdate-time -D_FORTIFY_SOURCE=2 -fPIC
      
      compile options: '-Inumpy/core/src/common -Inumpy/core/src -Inumpy/core -Inumpy/core/src/npymath -Inumpy/core/src/multiarray -Inumpy/core/src/umath -Inumpy/core/src/npysort -Inumpy/core/src/_simd -I/home/heidless/dash-sample-apps/apps/dash-baseball-statistics/venv/include -I/usr/include/python3.10 -Ibuild/src.linux-x86_64-3.10/numpy/core/src/common -Ibuild/src.linux-x86_64-3.10/numpy/core/src/npymath -c'
      extra options: '-O3'
      CCompilerOpt.cc_test_flags[999] : testing flags (-Werror)
      C compiler: x86_64-linux-gnu-gcc -Wno-unused-result -Wsign-compare -DNDEBUG -g -fwrapv -O2 -Wall -g -fstack-protector-strong -Wformat -Werror=format-security -g -fwrapv -O2 -g -fstack-protector-strong -Wformat -Werror=format-security -Wdate-time -D_FORTIFY_SOURCE=2 -fPIC
      
      compile options: '-Inumpy/core/src/common -Inumpy/core/src -Inumpy/core -Inumpy/core/src/npymath -Inumpy/core/src/multiarray -Inumpy/core/src/umath -Inumpy/core/src/npysort -Inumpy/core/src/_simd -I/home/heidless/dash-sample-apps/apps/dash-baseball-statistics/venv/include -I/usr/include/python3.10 -Ibuild/src.linux-x86_64-3.10/numpy/core/src/common -Ibuild/src.linux-x86_64-3.10/numpy/core/src/npymath -c'
      extra options: '-Werror'
      CCompilerOpt.__init__[1674] : check requested baseline
      CCompilerOpt.cc_test_flags[999] : testing flags (-msse)
      C compiler: x86_64-linux-gnu-gcc -Wno-unused-result -Wsign-compare -DNDEBUG -g -fwrapv -O2 -Wall -g -fstack-protector-strong -Wformat -Werror=format-security -g -fwrapv -O2 -g -fstack-protector-strong -Wformat -Werror=format-security -Wdate-time -D_FORTIFY_SOURCE=2 -fPIC
      
      compile options: '-Inumpy/core/src/common -Inumpy/core/src -Inumpy/core -Inumpy/core/src/npymath -Inumpy/core/src/multiarray -Inumpy/core/src/umath -Inumpy/core/src/npysort -Inumpy/core/src/_simd -I/home/heidless/dash-sample-apps/apps/dash-baseball-statistics/venv/include -I/usr/include/python3.10 -Ibuild/src.linux-x86_64-3.10/numpy/core/src/common -Ibuild/src.linux-x86_64-3.10/numpy/core/src/npymath -c'
      extra options: '-msse'
      CCompilerOpt.cc_test_flags[999] : testing flags (-msse2)
      C compiler: x86_64-linux-gnu-gcc -Wno-unused-result -Wsign-compare -DNDEBUG -g -fwrapv -O2 -Wall -g -fstack-protector-strong -Wformat -Werror=format-security -g -fwrapv -O2 -g -fstack-protector-strong -Wformat -Werror=format-security -Wdate-time -D_FORTIFY_SOURCE=2 -fPIC
      
      compile options: '-Inumpy/core/src/common -Inumpy/core/src -Inumpy/core -Inumpy/core/src/npymath -Inumpy/core/src/multiarray -Inumpy/core/src/umath -Inumpy/core/src/npysort -Inumpy/core/src/_simd -I/home/heidless/dash-sample-apps/apps/dash-baseball-statistics/venv/include -I/usr/include/python3.10 -Ibuild/src.linux-x86_64-3.10/numpy/core/src/common -Ibuild/src.linux-x86_64-3.10/numpy/core/src/npymath -c'
      extra options: '-msse2'
      CCompilerOpt.feature_test[1444] : testing feature 'SSE2' with flags (-msse -msse2)
      C compiler: x86_64-linux-gnu-gcc -Wno-unused-result -Wsign-compare -DNDEBUG -g -fwrapv -O2 -Wall -g -fstack-protector-strong -Wformat -Werror=format-security -g -fwrapv -O2 -g -fstack-protector-strong -Wformat -Werror=format-security -Wdate-time -D_FORTIFY_SOURCE=2 -fPIC
      
      compile options: '-Inumpy/core/src/common -Inumpy/core/src -Inumpy/core -Inumpy/core/src/npymath -Inumpy/core/src/multiarray -Inumpy/core/src/umath -Inumpy/core/src/npysort -Inumpy/core/src/_simd -I/home/heidless/dash-sample-apps/apps/dash-baseball-statistics/venv/include -I/usr/include/python3.10 -Ibuild/src.linux-x86_64-3.10/numpy/core/src/common -Ibuild/src.linux-x86_64-3.10/numpy/core/src/npymath -c'
      extra options: '-msse -msse2 -Werror'
      CCompilerOpt.feature_test[1444] : testing feature 'SSE' with flags (-msse -msse2)
      C compiler: x86_64-linux-gnu-gcc -Wno-unused-result -Wsign-compare -DNDEBUG -g -fwrapv -O2 -Wall -g -fstack-protector-strong -Wformat -Werror=format-security -g -fwrapv -O2 -g -fstack-protector-strong -Wformat -Werror=format-security -Wdate-time -D_FORTIFY_SOURCE=2 -fPIC
      
      compile options: '-Inumpy/core/src/common -Inumpy/core/src -Inumpy/core -Inumpy/core/src/npymath -Inumpy/core/src/multiarray -Inumpy/core/src/umath -Inumpy/core/src/npysort -Inumpy/core/src/_simd -I/home/heidless/dash-sample-apps/apps/dash-baseball-statistics/venv/include -I/usr/include/python3.10 -Ibuild/src.linux-x86_64-3.10/numpy/core/src/common -Ibuild/src.linux-x86_64-3.10/numpy/core/src/npymath -c'
      extra options: '-msse -msse2 -Werror'
      CCompilerOpt.cc_test_flags[999] : testing flags (-msse3)
      C compiler: x86_64-linux-gnu-gcc -Wno-unused-result -Wsign-compare -DNDEBUG -g -fwrapv -O2 -Wall -g -fstack-protector-strong -Wformat -Werror=format-security -g -fwrapv -O2 -g -fstack-protector-strong -Wformat -Werror=format-security -Wdate-time -D_FORTIFY_SOURCE=2 -fPIC
      
      compile options: '-Inumpy/core/src/common -Inumpy/core/src -Inumpy/core -Inumpy/core/src/npymath -Inumpy/core/src/multiarray -Inumpy/core/src/umath -Inumpy/core/src/npysort -Inumpy/core/src/_simd -I/home/heidless/dash-sample-apps/apps/dash-baseball-statistics/venv/include -I/usr/include/python3.10 -Ibuild/src.linux-x86_64-3.10/numpy/core/src/common -Ibuild/src.linux-x86_64-3.10/numpy/core/src/npymath -c'
      extra options: '-msse3'
      CCompilerOpt.feature_test[1444] : testing feature 'SSE3' with flags (-msse -msse2 -msse3)
      C compiler: x86_64-linux-gnu-gcc -Wno-unused-result -Wsign-compare -DNDEBUG -g -fwrapv -O2 -Wall -g -fstack-protector-strong -Wformat -Werror=format-security -g -fwrapv -O2 -g -fstack-protector-strong -Wformat -Werror=format-security -Wdate-time -D_FORTIFY_SOURCE=2 -fPIC
      
      compile options: '-Inumpy/core/src/common -Inumpy/core/src -Inumpy/core -Inumpy/core/src/npymath -Inumpy/core/src/multiarray -Inumpy/core/src/umath -Inumpy/core/src/npysort -Inumpy/core/src/_simd -I/home/heidless/dash-sample-apps/apps/dash-baseball-statistics/venv/include -I/usr/include/python3.10 -Ibuild/src.linux-x86_64-3.10/numpy/core/src/common -Ibuild/src.linux-x86_64-3.10/numpy/core/src/npymath -c'
      extra options: '-msse -msse2 -msse3 -Werror'
      CCompilerOpt.__init__[1683] : check requested dispatch-able features
      CCompilerOpt.cc_test_flags[999] : testing flags (-mssse3)
      C compiler: x86_64-linux-gnu-gcc -Wno-unused-result -Wsign-compare -DNDEBUG -g -fwrapv -O2 -Wall -g -fstack-protector-strong -Wformat -Werror=format-security -g -fwrapv -O2 -g -fstack-protector-strong -Wformat -Werror=format-security -Wdate-time -D_FORTIFY_SOURCE=2 -fPIC
      
      compile options: '-Inumpy/core/src/common -Inumpy/core/src -Inumpy/core -Inumpy/core/src/npymath -Inumpy/core/src/multiarray -Inumpy/core/src/umath -Inumpy/core/src/npysort -Inumpy/core/src/_simd -I/home/heidless/dash-sample-apps/apps/dash-baseball-statistics/venv/include -I/usr/include/python3.10 -Ibuild/src.linux-x86_64-3.10/numpy/core/src/common -Ibuild/src.linux-x86_64-3.10/numpy/core/src/npymath -c'
      extra options: '-mssse3'
      CCompilerOpt.cc_test_flags[999] : testing flags (-msse4.1)
      C compiler: x86_64-linux-gnu-gcc -Wno-unused-result -Wsign-compare -DNDEBUG -g -fwrapv -O2 -Wall -g -fstack-protector-strong -Wformat -Werror=format-security -g -fwrapv -O2 -g -fstack-protector-strong -Wformat -Werror=format-security -Wdate-time -D_FORTIFY_SOURCE=2 -fPIC
      
      compile options: '-Inumpy/core/src/common -Inumpy/core/src -Inumpy/core -Inumpy/core/src/npymath -Inumpy/core/src/multiarray -Inumpy/core/src/umath -Inumpy/core/src/npysort -Inumpy/core/src/_simd -I/home/heidless/dash-sample-apps/apps/dash-baseball-statistics/venv/include -I/usr/include/python3.10 -Ibuild/src.linux-x86_64-3.10/numpy/core/src/common -Ibuild/src.linux-x86_64-3.10/numpy/core/src/npymath -c'
      extra options: '-msse4.1'
      CCompilerOpt.cc_test_flags[999] : testing flags (-mpopcnt)
      C compiler: x86_64-linux-gnu-gcc -Wno-unused-result -Wsign-compare -DNDEBUG -g -fwrapv -O2 -Wall -g -fstack-protector-strong -Wformat -Werror=format-security -g -fwrapv -O2 -g -fstack-protector-strong -Wformat -Werror=format-security -Wdate-time -D_FORTIFY_SOURCE=2 -fPIC
      
      compile options: '-Inumpy/core/src/common -Inumpy/core/src -Inumpy/core -Inumpy/core/src/npymath -Inumpy/core/src/multiarray -Inumpy/core/src/umath -Inumpy/core/src/npysort -Inumpy/core/src/_simd -I/home/heidless/dash-sample-apps/apps/dash-baseball-statistics/venv/include -I/usr/include/python3.10 -Ibuild/src.linux-x86_64-3.10/numpy/core/src/common -Ibuild/src.linux-x86_64-3.10/numpy/core/src/npymath -c'
      extra options: '-mpopcnt'
      CCompilerOpt.cc_test_flags[999] : testing flags (-msse4.2)
      C compiler: x86_64-linux-gnu-gcc -Wno-unused-result -Wsign-compare -DNDEBUG -g -fwrapv -O2 -Wall -g -fstack-protector-strong -Wformat -Werror=format-security -g -fwrapv -O2 -g -fstack-protector-strong -Wformat -Werror=format-security -Wdate-time -D_FORTIFY_SOURCE=2 -fPIC
      
      compile options: '-Inumpy/core/src/common -Inumpy/core/src -Inumpy/core -Inumpy/core/src/npymath -Inumpy/core/src/multiarray -Inumpy/core/src/umath -Inumpy/core/src/npysort -Inumpy/core/src/_simd -I/home/heidless/dash-sample-apps/apps/dash-baseball-statistics/venv/include -I/usr/include/python3.10 -Ibuild/src.linux-x86_64-3.10/numpy/core/src/common -Ibuild/src.linux-x86_64-3.10/numpy/core/src/npymath -c'
      extra options: '-msse4.2'
      CCompilerOpt.feature_test[1444] : testing feature 'SSE42' with flags (-msse -msse2 -msse3 -mssse3 -msse4.1 -mpopcnt -msse4.2)
      C compiler: x86_64-linux-gnu-gcc -Wno-unused-result -Wsign-compare -DNDEBUG -g -fwrapv -O2 -Wall -g -fstack-protector-strong -Wformat -Werror=format-security -g -fwrapv -O2 -g -fstack-protector-strong -Wformat -Werror=format-security -Wdate-time -D_FORTIFY_SOURCE=2 -fPIC
      
      compile options: '-Inumpy/core/src/common -Inumpy/core/src -Inumpy/core -Inumpy/core/src/npymath -Inumpy/core/src/multiarray -Inumpy/core/src/umath -Inumpy/core/src/npysort -Inumpy/core/src/_simd -I/home/heidless/dash-sample-apps/apps/dash-baseball-statistics/venv/include -I/usr/include/python3.10 -Ibuild/src.linux-x86_64-3.10/numpy/core/src/common -Ibuild/src.linux-x86_64-3.10/numpy/core/src/npymath -c'
      extra options: '-msse -msse2 -msse3 -mssse3 -msse4.1 -mpopcnt -msse4.2 -Werror'
      CCompilerOpt.feature_test[1444] : testing feature 'SSSE3' with flags (-msse -msse2 -msse3 -mssse3)
      C compiler: x86_64-linux-gnu-gcc -Wno-unused-result -Wsign-compare -DNDEBUG -g -fwrapv -O2 -Wall -g -fstack-protector-strong -Wformat -Werror=format-security -g -fwrapv -O2 -g -fstack-protector-strong -Wformat -Werror=format-security -Wdate-time -D_FORTIFY_SOURCE=2 -fPIC
      
      compile options: '-Inumpy/core/src/common -Inumpy/core/src -Inumpy/core -Inumpy/core/src/npymath -Inumpy/core/src/multiarray -Inumpy/core/src/umath -Inumpy/core/src/npysort -Inumpy/core/src/_simd -I/home/heidless/dash-sample-apps/apps/dash-baseball-statistics/venv/include -I/usr/include/python3.10 -Ibuild/src.linux-x86_64-3.10/numpy/core/src/common -Ibuild/src.linux-x86_64-3.10/numpy/core/src/npymath -c'
      extra options: '-msse -msse2 -msse3 -mssse3 -Werror'
      CCompilerOpt.feature_test[1444] : testing feature 'SSE41' with flags (-msse -msse2 -msse3 -mssse3 -msse4.1)
      C compiler: x86_64-linux-gnu-gcc -Wno-unused-result -Wsign-compare -DNDEBUG -g -fwrapv -O2 -Wall -g -fstack-protector-strong -Wformat -Werror=format-security -g -fwrapv -O2 -g -fstack-protector-strong -Wformat -Werror=format-security -Wdate-time -D_FORTIFY_SOURCE=2 -fPIC
      
      compile options: '-Inumpy/core/src/common -Inumpy/core/src -Inumpy/core -Inumpy/core/src/npymath -Inumpy/core/src/multiarray -Inumpy/core/src/umath -Inumpy/core/src/npysort -Inumpy/core/src/_simd -I/home/heidless/dash-sample-apps/apps/dash-baseball-statistics/venv/include -I/usr/include/python3.10 -Ibuild/src.linux-x86_64-3.10/numpy/core/src/common -Ibuild/src.linux-x86_64-3.10/numpy/core/src/npymath -c'
      extra options: '-msse -msse2 -msse3 -mssse3 -msse4.1 -Werror'
      CCompilerOpt.feature_test[1444] : testing feature 'POPCNT' with flags (-msse -msse2 -msse3 -mssse3 -msse4.1 -mpopcnt)
      C compiler: x86_64-linux-gnu-gcc -Wno-unused-result -Wsign-compare -DNDEBUG -g -fwrapv -O2 -Wall -g -fstack-protector-strong -Wformat -Werror=format-security -g -fwrapv -O2 -g -fstack-protector-strong -Wformat -Werror=format-security -Wdate-time -D_FORTIFY_SOURCE=2 -fPIC
      
      compile options: '-Inumpy/core/src/common -Inumpy/core/src -Inumpy/core -Inumpy/core/src/npymath -Inumpy/core/src/multiarray -Inumpy/core/src/umath -Inumpy/core/src/npysort -Inumpy/core/src/_simd -I/home/heidless/dash-sample-apps/apps/dash-baseball-statistics/venv/include -I/usr/include/python3.10 -Ibuild/src.linux-x86_64-3.10/numpy/core/src/common -Ibuild/src.linux-x86_64-3.10/numpy/core/src/npymath -c'
      extra options: '-msse -msse2 -msse3 -mssse3 -msse4.1 -mpopcnt -Werror'
      CCompilerOpt.cc_test_flags[999] : testing flags (-mavx)
      C compiler: x86_64-linux-gnu-gcc -Wno-unused-result -Wsign-compare -DNDEBUG -g -fwrapv -O2 -Wall -g -fstack-protector-strong -Wformat -Werror=format-security -g -fwrapv -O2 -g -fstack-protector-strong -Wformat -Werror=format-security -Wdate-time -D_FORTIFY_SOURCE=2 -fPIC
      
      compile options: '-Inumpy/core/src/common -Inumpy/core/src -Inumpy/core -Inumpy/core/src/npymath -Inumpy/core/src/multiarray -Inumpy/core/src/umath -Inumpy/core/src/npysort -Inumpy/core/src/_simd -I/home/heidless/dash-sample-apps/apps/dash-baseball-statistics/venv/include -I/usr/include/python3.10 -Ibuild/src.linux-x86_64-3.10/numpy/core/src/common -Ibuild/src.linux-x86_64-3.10/numpy/core/src/npymath -c'
      extra options: '-mavx'
      CCompilerOpt.feature_test[1444] : testing feature 'AVX' with flags (-msse -msse2 -msse3 -mssse3 -msse4.1 -mpopcnt -msse4.2 -mavx)
      C compiler: x86_64-linux-gnu-gcc -Wno-unused-result -Wsign-compare -DNDEBUG -g -fwrapv -O2 -Wall -g -fstack-protector-strong -Wformat -Werror=format-security -g -fwrapv -O2 -g -fstack-protector-strong -Wformat -Werror=format-security -Wdate-time -D_FORTIFY_SOURCE=2 -fPIC
      
      compile options: '-Inumpy/core/src/common -Inumpy/core/src -Inumpy/core -Inumpy/core/src/npymath -Inumpy/core/src/multiarray -Inumpy/core/src/umath -Inumpy/core/src/npysort -Inumpy/core/src/_simd -I/home/heidless/dash-sample-apps/apps/dash-baseball-statistics/venv/include -I/usr/include/python3.10 -Ibuild/src.linux-x86_64-3.10/numpy/core/src/common -Ibuild/src.linux-x86_64-3.10/numpy/core/src/npymath -c'
      extra options: '-msse -msse2 -msse3 -mssse3 -msse4.1 -mpopcnt -msse4.2 -mavx -Werror'
      CCompilerOpt.cc_test_flags[999] : testing flags (-mf16c)
      C compiler: x86_64-linux-gnu-gcc -Wno-unused-result -Wsign-compare -DNDEBUG -g -fwrapv -O2 -Wall -g -fstack-protector-strong -Wformat -Werror=format-security -g -fwrapv -O2 -g -fstack-protector-strong -Wformat -Werror=format-security -Wdate-time -D_FORTIFY_SOURCE=2 -fPIC
      
      compile options: '-Inumpy/core/src/common -Inumpy/core/src -Inumpy/core -Inumpy/core/src/npymath -Inumpy/core/src/multiarray -Inumpy/core/src/umath -Inumpy/core/src/npysort -Inumpy/core/src/_simd -I/home/heidless/dash-sample-apps/apps/dash-baseball-statistics/venv/include -I/usr/include/python3.10 -Ibuild/src.linux-x86_64-3.10/numpy/core/src/common -Ibuild/src.linux-x86_64-3.10/numpy/core/src/npymath -c'
      extra options: '-mf16c'
      CCompilerOpt.feature_test[1444] : testing feature 'F16C' with flags (-msse -msse2 -msse3 -mssse3 -msse4.1 -mpopcnt -msse4.2 -mavx -mf16c)
      C compiler: x86_64-linux-gnu-gcc -Wno-unused-result -Wsign-compare -DNDEBUG -g -fwrapv -O2 -Wall -g -fstack-protector-strong -Wformat -Werror=format-security -g -fwrapv -O2 -g -fstack-protector-strong -Wformat -Werror=format-security -Wdate-time -D_FORTIFY_SOURCE=2 -fPIC
      
      compile options: '-Inumpy/core/src/common -Inumpy/core/src -Inumpy/core -Inumpy/core/src/npymath -Inumpy/core/src/multiarray -Inumpy/core/src/umath -Inumpy/core/src/npysort -Inumpy/core/src/_simd -I/home/heidless/dash-sample-apps/apps/dash-baseball-statistics/venv/include -I/usr/include/python3.10 -Ibuild/src.linux-x86_64-3.10/numpy/core/src/common -Ibuild/src.linux-x86_64-3.10/numpy/core/src/npymath -c'
      extra options: '-msse -msse2 -msse3 -mssse3 -msse4.1 -mpopcnt -msse4.2 -mavx -mf16c -Werror'
      CCompilerOpt.cc_test_flags[999] : testing flags (-mavx2)
      C compiler: x86_64-linux-gnu-gcc -Wno-unused-result -Wsign-compare -DNDEBUG -g -fwrapv -O2 -Wall -g -fstack-protector-strong -Wformat -Werror=format-security -g -fwrapv -O2 -g -fstack-protector-strong -Wformat -Werror=format-security -Wdate-time -D_FORTIFY_SOURCE=2 -fPIC
      
      compile options: '-Inumpy/core/src/common -Inumpy/core/src -Inumpy/core -Inumpy/core/src/npymath -Inumpy/core/src/multiarray -Inumpy/core/src/umath -Inumpy/core/src/npysort -Inumpy/core/src/_simd -I/home/heidless/dash-sample-apps/apps/dash-baseball-statistics/venv/include -I/usr/include/python3.10 -Ibuild/src.linux-x86_64-3.10/numpy/core/src/common -Ibuild/src.linux-x86_64-3.10/numpy/core/src/npymath -c'
      extra options: '-mavx2'
      CCompilerOpt.feature_test[1444] : testing feature 'AVX2' with flags (-msse -msse2 -msse3 -mssse3 -msse4.1 -mpopcnt -msse4.2 -mavx -mf16c -mavx2)
      C compiler: x86_64-linux-gnu-gcc -Wno-unused-result -Wsign-compare -DNDEBUG -g -fwrapv -O2 -Wall -g -fstack-protector-strong -Wformat -Werror=format-security -g -fwrapv -O2 -g -fstack-protector-strong -Wformat -Werror=format-security -Wdate-time -D_FORTIFY_SOURCE=2 -fPIC
      
      compile options: '-Inumpy/core/src/common -Inumpy/core/src -Inumpy/core -Inumpy/core/src/npymath -Inumpy/core/src/multiarray -Inumpy/core/src/umath -Inumpy/core/src/npysort -Inumpy/core/src/_simd -I/home/heidless/dash-sample-apps/apps/dash-baseball-statistics/venv/include -I/usr/include/python3.10 -Ibuild/src.linux-x86_64-3.10/numpy/core/src/common -Ibuild/src.linux-x86_64-3.10/numpy/core/src/npymath -c'
      extra options: '-msse -msse2 -msse3 -mssse3 -msse4.1 -mpopcnt -msse4.2 -mavx -mf16c -mavx2 -Werror'
      CCompilerOpt.cc_test_flags[999] : testing flags (-mfma)
      C compiler: x86_64-linux-gnu-gcc -Wno-unused-result -Wsign-compare -DNDEBUG -g -fwrapv -O2 -Wall -g -fstack-protector-strong -Wformat -Werror=format-security -g -fwrapv -O2 -g -fstack-protector-strong -Wformat -Werror=format-security -Wdate-time -D_FORTIFY_SOURCE=2 -fPIC
      
      compile options: '-Inumpy/core/src/common -Inumpy/core/src -Inumpy/core -Inumpy/core/src/npymath -Inumpy/core/src/multiarray -Inumpy/core/src/umath -Inumpy/core/src/npysort -Inumpy/core/src/_simd -I/home/heidless/dash-sample-apps/apps/dash-baseball-statistics/venv/include -I/usr/include/python3.10 -Ibuild/src.linux-x86_64-3.10/numpy/core/src/common -Ibuild/src.linux-x86_64-3.10/numpy/core/src/npymath -c'
      extra options: '-mfma'
      CCompilerOpt.feature_test[1444] : testing feature 'FMA3' with flags (-msse -msse2 -msse3 -mssse3 -msse4.1 -mpopcnt -msse4.2 -mavx -mf16c -mfma)
      C compiler: x86_64-linux-gnu-gcc -Wno-unused-result -Wsign-compare -DNDEBUG -g -fwrapv -O2 -Wall -g -fstack-protector-strong -Wformat -Werror=format-security -g -fwrapv -O2 -g -fstack-protector-strong -Wformat -Werror=format-security -Wdate-time -D_FORTIFY_SOURCE=2 -fPIC
      
      compile options: '-Inumpy/core/src/common -Inumpy/core/src -Inumpy/core -Inumpy/core/src/npymath -Inumpy/core/src/multiarray -Inumpy/core/src/umath -Inumpy/core/src/npysort -Inumpy/core/src/_simd -I/home/heidless/dash-sample-apps/apps/dash-baseball-statistics/venv/include -I/usr/include/python3.10 -Ibuild/src.linux-x86_64-3.10/numpy/core/src/common -Ibuild/src.linux-x86_64-3.10/numpy/core/src/npymath -c'
      extra options: '-msse -msse2 -msse3 -mssse3 -msse4.1 -mpopcnt -msse4.2 -mavx -mf16c -mfma -Werror'
      CCompilerOpt.cc_test_flags[999] : testing flags (-mavx512f)
      C compiler: x86_64-linux-gnu-gcc -Wno-unused-result -Wsign-compare -DNDEBUG -g -fwrapv -O2 -Wall -g -fstack-protector-strong -Wformat -Werror=format-security -g -fwrapv -O2 -g -fstack-protector-strong -Wformat -Werror=format-security -Wdate-time -D_FORTIFY_SOURCE=2 -fPIC
      
      compile options: '-Inumpy/core/src/common -Inumpy/core/src -Inumpy/core -Inumpy/core/src/npymath -Inumpy/core/src/multiarray -Inumpy/core/src/umath -Inumpy/core/src/npysort -Inumpy/core/src/_simd -I/home/heidless/dash-sample-apps/apps/dash-baseball-statistics/venv/include -I/usr/include/python3.10 -Ibuild/src.linux-x86_64-3.10/numpy/core/src/common -Ibuild/src.linux-x86_64-3.10/numpy/core/src/npymath -c'
      extra options: '-mavx512f'
      CCompilerOpt.feature_test[1444] : testing feature 'AVX512F' with flags (-msse -msse2 -msse3 -mssse3 -msse4.1 -mpopcnt -msse4.2 -mavx -mf16c -mfma -mavx2 -mavx512f)
      C compiler: x86_64-linux-gnu-gcc -Wno-unused-result -Wsign-compare -DNDEBUG -g -fwrapv -O2 -Wall -g -fstack-protector-strong -Wformat -Werror=format-security -g -fwrapv -O2 -g -fstack-protector-strong -Wformat -Werror=format-security -Wdate-time -D_FORTIFY_SOURCE=2 -fPIC
      
      compile options: '-Inumpy/core/src/common -Inumpy/core/src -Inumpy/core -Inumpy/core/src/npymath -Inumpy/core/src/multiarray -Inumpy/core/src/umath -Inumpy/core/src/npysort -Inumpy/core/src/_simd -I/home/heidless/dash-sample-apps/apps/dash-baseball-statistics/venv/include -I/usr/include/python3.10 -Ibuild/src.linux-x86_64-3.10/numpy/core/src/common -Ibuild/src.linux-x86_64-3.10/numpy/core/src/npymath -c'
      extra options: '-msse -msse2 -msse3 -mssse3 -msse4.1 -mpopcnt -msse4.2 -mavx -mf16c -mfma -mavx2 -mavx512f -Werror'
      CCompilerOpt.cc_test_flags[999] : testing flags (-mavx512cd)
      C compiler: x86_64-linux-gnu-gcc -Wno-unused-result -Wsign-compare -DNDEBUG -g -fwrapv -O2 -Wall -g -fstack-protector-strong -Wformat -Werror=format-security -g -fwrapv -O2 -g -fstack-protector-strong -Wformat -Werror=format-security -Wdate-time -D_FORTIFY_SOURCE=2 -fPIC
      
      compile options: '-Inumpy/core/src/common -Inumpy/core/src -Inumpy/core -Inumpy/core/src/npymath -Inumpy/core/src/multiarray -Inumpy/core/src/umath -Inumpy/core/src/npysort -Inumpy/core/src/_simd -I/home/heidless/dash-sample-apps/apps/dash-baseball-statistics/venv/include -I/usr/include/python3.10 -Ibuild/src.linux-x86_64-3.10/numpy/core/src/common -Ibuild/src.linux-x86_64-3.10/numpy/core/src/npymath -c'
      extra options: '-mavx512cd'
      CCompilerOpt.feature_test[1444] : testing feature 'AVX512CD' with flags (-msse -msse2 -msse3 -mssse3 -msse4.1 -mpopcnt -msse4.2 -mavx -mf16c -mfma -mavx2 -mavx512f -mavx512cd)
      C compiler: x86_64-linux-gnu-gcc -Wno-unused-result -Wsign-compare -DNDEBUG -g -fwrapv -O2 -Wall -g -fstack-protector-strong -Wformat -Werror=format-security -g -fwrapv -O2 -g -fstack-protector-strong -Wformat -Werror=format-security -Wdate-time -D_FORTIFY_SOURCE=2 -fPIC
      
      compile options: '-Inumpy/core/src/common -Inumpy/core/src -Inumpy/core -Inumpy/core/src/npymath -Inumpy/core/src/multiarray -Inumpy/core/src/umath -Inumpy/core/src/npysort -Inumpy/core/src/_simd -I/home/heidless/dash-sample-apps/apps/dash-baseball-statistics/venv/include -I/usr/include/python3.10 -Ibuild/src.linux-x86_64-3.10/numpy/core/src/common -Ibuild/src.linux-x86_64-3.10/numpy/core/src/npymath -c'
      extra options: '-msse -msse2 -msse3 -mssse3 -msse4.1 -mpopcnt -msse4.2 -mavx -mf16c -mfma -mavx2 -mavx512f -mavx512cd -Werror'
      CCompilerOpt.cc_test_flags[999] : testing flags (-mavx512vl -mavx512bw -mavx512dq)
      C compiler: x86_64-linux-gnu-gcc -Wno-unused-result -Wsign-compare -DNDEBUG -g -fwrapv -O2 -Wall -g -fstack-protector-strong -Wformat -Werror=format-security -g -fwrapv -O2 -g -fstack-protector-strong -Wformat -Werror=format-security -Wdate-time -D_FORTIFY_SOURCE=2 -fPIC
      
      compile options: '-Inumpy/core/src/common -Inumpy/core/src -Inumpy/core -Inumpy/core/src/npymath -Inumpy/core/src/multiarray -Inumpy/core/src/umath -Inumpy/core/src/npysort -Inumpy/core/src/_simd -I/home/heidless/dash-sample-apps/apps/dash-baseball-statistics/venv/include -I/usr/include/python3.10 -Ibuild/src.linux-x86_64-3.10/numpy/core/src/common -Ibuild/src.linux-x86_64-3.10/numpy/core/src/npymath -c'
      extra options: '-mavx512vl -mavx512bw -mavx512dq'
      CCompilerOpt.feature_test[1444] : testing feature 'AVX512_SKX' with flags (-msse -msse2 -msse3 -mssse3 -msse4.1 -mpopcnt -msse4.2 -mavx -mf16c -mfma -mavx2 -mavx512f -mavx512cd -mavx512vl -mavx512bw -mavx512dq)
      C compiler: x86_64-linux-gnu-gcc -Wno-unused-result -Wsign-compare -DNDEBUG -g -fwrapv -O2 -Wall -g -fstack-protector-strong -Wformat -Werror=format-security -g -fwrapv -O2 -g -fstack-protector-strong -Wformat -Werror=format-security -Wdate-time -D_FORTIFY_SOURCE=2 -fPIC
      
      compile options: '-Inumpy/core/src/common -Inumpy/core/src -Inumpy/core -Inumpy/core/src/npymath -Inumpy/core/src/multiarray -Inumpy/core/src/umath -Inumpy/core/src/npysort -Inumpy/core/src/_simd -I/home/heidless/dash-sample-apps/apps/dash-baseball-statistics/venv/include -I/usr/include/python3.10 -Ibuild/src.linux-x86_64-3.10/numpy/core/src/common -Ibuild/src.linux-x86_64-3.10/numpy/core/src/npymath -c'
      extra options: '-msse -msse2 -msse3 -mssse3 -msse4.1 -mpopcnt -msse4.2 -mavx -mf16c -mfma -mavx2 -mavx512f -mavx512cd -mavx512vl -mavx512bw -mavx512dq -Werror'
      CCompilerOpt.cc_test_flags[999] : testing flags (-mavx512ifma -mavx512vbmi)
      C compiler: x86_64-linux-gnu-gcc -Wno-unused-result -Wsign-compare -DNDEBUG -g -fwrapv -O2 -Wall -g -fstack-protector-strong -Wformat -Werror=format-security -g -fwrapv -O2 -g -fstack-protector-strong -Wformat -Werror=format-security -Wdate-time -D_FORTIFY_SOURCE=2 -fPIC
      
      compile options: '-Inumpy/core/src/common -Inumpy/core/src -Inumpy/core -Inumpy/core/src/npymath -Inumpy/core/src/multiarray -Inumpy/core/src/umath -Inumpy/core/src/npysort -Inumpy/core/src/_simd -I/home/heidless/dash-sample-apps/apps/dash-baseball-statistics/venv/include -I/usr/include/python3.10 -Ibuild/src.linux-x86_64-3.10/numpy/core/src/common -Ibuild/src.linux-x86_64-3.10/numpy/core/src/npymath -c'
      extra options: '-mavx512ifma -mavx512vbmi'
      CCompilerOpt.feature_test[1444] : testing feature 'AVX512_CNL' with flags (-msse -msse2 -msse3 -mssse3 -msse4.1 -mpopcnt -msse4.2 -mavx -mf16c -mfma -mavx2 -mavx512f -mavx512cd -mavx512vl -mavx512bw -mavx512dq -mavx512ifma -mavx512vbmi)
      C compiler: x86_64-linux-gnu-gcc -Wno-unused-result -Wsign-compare -DNDEBUG -g -fwrapv -O2 -Wall -g -fstack-protector-strong -Wformat -Werror=format-security -g -fwrapv -O2 -g -fstack-protector-strong -Wformat -Werror=format-security -Wdate-time -D_FORTIFY_SOURCE=2 -fPIC
      
      compile options: '-Inumpy/core/src/common -Inumpy/core/src -Inumpy/core -Inumpy/core/src/npymath -Inumpy/core/src/multiarray -Inumpy/core/src/umath -Inumpy/core/src/npysort -Inumpy/core/src/_simd -I/home/heidless/dash-sample-apps/apps/dash-baseball-statistics/venv/include -I/usr/include/python3.10 -Ibuild/src.linux-x86_64-3.10/numpy/core/src/common -Ibuild/src.linux-x86_64-3.10/numpy/core/src/npymath -c'
      extra options: '-msse -msse2 -msse3 -mssse3 -msse4.1 -mpopcnt -msse4.2 -mavx -mf16c -mfma -mavx2 -mavx512f -mavx512cd -mavx512vl -mavx512bw -mavx512dq -mavx512ifma -mavx512vbmi -Werror'
      CCompilerOpt.cc_test_flags[999] : testing flags (-mavx512vnni)
      C compiler: x86_64-linux-gnu-gcc -Wno-unused-result -Wsign-compare -DNDEBUG -g -fwrapv -O2 -Wall -g -fstack-protector-strong -Wformat -Werror=format-security -g -fwrapv -O2 -g -fstack-protector-strong -Wformat -Werror=format-security -Wdate-time -D_FORTIFY_SOURCE=2 -fPIC
      
      compile options: '-Inumpy/core/src/common -Inumpy/core/src -Inumpy/core -Inumpy/core/src/npymath -Inumpy/core/src/multiarray -Inumpy/core/src/umath -Inumpy/core/src/npysort -Inumpy/core/src/_simd -I/home/heidless/dash-sample-apps/apps/dash-baseball-statistics/venv/include -I/usr/include/python3.10 -Ibuild/src.linux-x86_64-3.10/numpy/core/src/common -Ibuild/src.linux-x86_64-3.10/numpy/core/src/npymath -c'
      extra options: '-mavx512vnni'
      CCompilerOpt.feature_test[1444] : testing feature 'AVX512_CLX' with flags (-msse -msse2 -msse3 -mssse3 -msse4.1 -mpopcnt -msse4.2 -mavx -mf16c -mfma -mavx2 -mavx512f -mavx512cd -mavx512vl -mavx512bw -mavx512dq -mavx512vnni)
      C compiler: x86_64-linux-gnu-gcc -Wno-unused-result -Wsign-compare -DNDEBUG -g -fwrapv -O2 -Wall -g -fstack-protector-strong -Wformat -Werror=format-security -g -fwrapv -O2 -g -fstack-protector-strong -Wformat -Werror=format-security -Wdate-time -D_FORTIFY_SOURCE=2 -fPIC
      
      compile options: '-Inumpy/core/src/common -Inumpy/core/src -Inumpy/core -Inumpy/core/src/npymath -Inumpy/core/src/multiarray -Inumpy/core/src/umath -Inumpy/core/src/npysort -Inumpy/core/src/_simd -I/home/heidless/dash-sample-apps/apps/dash-baseball-statistics/venv/include -I/usr/include/python3.10 -Ibuild/src.linux-x86_64-3.10/numpy/core/src/common -Ibuild/src.linux-x86_64-3.10/numpy/core/src/npymath -c'
      extra options: '-msse -msse2 -msse3 -mssse3 -msse4.1 -mpopcnt -msse4.2 -mavx -mf16c -mfma -mavx2 -mavx512f -mavx512cd -mavx512vl -mavx512bw -mavx512dq -mavx512vnni -Werror'
      CCompilerOpt.cc_test_flags[999] : testing flags (-mavx512vbmi2 -mavx512bitalg -mavx512vpopcntdq)
      C compiler: x86_64-linux-gnu-gcc -Wno-unused-result -Wsign-compare -DNDEBUG -g -fwrapv -O2 -Wall -g -fstack-protector-strong -Wformat -Werror=format-security -g -fwrapv -O2 -g -fstack-protector-strong -Wformat -Werror=format-security -Wdate-time -D_FORTIFY_SOURCE=2 -fPIC
      
      compile options: '-Inumpy/core/src/common -Inumpy/core/src -Inumpy/core -Inumpy/core/src/npymath -Inumpy/core/src/multiarray -Inumpy/core/src/umath -Inumpy/core/src/npysort -Inumpy/core/src/_simd -I/home/heidless/dash-sample-apps/apps/dash-baseball-statistics/venv/include -I/usr/include/python3.10 -Ibuild/src.linux-x86_64-3.10/numpy/core/src/common -Ibuild/src.linux-x86_64-3.10/numpy/core/src/npymath -c'
      extra options: '-mavx512vbmi2 -mavx512bitalg -mavx512vpopcntdq'
      CCompilerOpt.feature_test[1444] : testing feature 'AVX512_ICL' with flags (-msse -msse2 -msse3 -mssse3 -msse4.1 -mpopcnt -msse4.2 -mavx -mf16c -mfma -mavx2 -mavx512f -mavx512cd -mavx512vl -mavx512bw -mavx512dq -mavx512vnni -mavx512ifma -mavx512vbmi -mavx512vbmi2 -mavx512bitalg -mavx512vpopcntdq)
      C compiler: x86_64-linux-gnu-gcc -Wno-unused-result -Wsign-compare -DNDEBUG -g -fwrapv -O2 -Wall -g -fstack-protector-strong -Wformat -Werror=format-security -g -fwrapv -O2 -g -fstack-protector-strong -Wformat -Werror=format-security -Wdate-time -D_FORTIFY_SOURCE=2 -fPIC
      
      compile options: '-Inumpy/core/src/common -Inumpy/core/src -Inumpy/core -Inumpy/core/src/npymath -Inumpy/core/src/multiarray -Inumpy/core/src/umath -Inumpy/core/src/npysort -Inumpy/core/src/_simd -I/home/heidless/dash-sample-apps/apps/dash-baseball-statistics/venv/include -I/usr/include/python3.10 -Ibuild/src.linux-x86_64-3.10/numpy/core/src/common -Ibuild/src.linux-x86_64-3.10/numpy/core/src/npymath -c'
      extra options: '-msse -msse2 -msse3 -mssse3 -msse4.1 -mpopcnt -msse4.2 -mavx -mf16c -mfma -mavx2 -mavx512f -mavx512cd -mavx512vl -mavx512bw -mavx512dq -mavx512vnni -mavx512ifma -mavx512vbmi -mavx512vbmi2 -mavx512bitalg -mavx512vpopcntdq -Werror'
      CCompilerOpt.cc_test_flags[999] : testing flags (-mavx512er -mavx512pf)
      C compiler: x86_64-linux-gnu-gcc -Wno-unused-result -Wsign-compare -DNDEBUG -g -fwrapv -O2 -Wall -g -fstack-protector-strong -Wformat -Werror=format-security -g -fwrapv -O2 -g -fstack-protector-strong -Wformat -Werror=format-security -Wdate-time -D_FORTIFY_SOURCE=2 -fPIC
      
      compile options: '-Inumpy/core/src/common -Inumpy/core/src -Inumpy/core -Inumpy/core/src/npymath -Inumpy/core/src/multiarray -Inumpy/core/src/umath -Inumpy/core/src/npysort -Inumpy/core/src/_simd -I/home/heidless/dash-sample-apps/apps/dash-baseball-statistics/venv/include -I/usr/include/python3.10 -Ibuild/src.linux-x86_64-3.10/numpy/core/src/common -Ibuild/src.linux-x86_64-3.10/numpy/core/src/npymath -c'
      extra options: '-mavx512er -mavx512pf'
      CCompilerOpt.feature_test[1444] : testing feature 'AVX512_KNL' with flags (-msse -msse2 -msse3 -mssse3 -msse4.1 -mpopcnt -msse4.2 -mavx -mf16c -mfma -mavx2 -mavx512f -mavx512cd -mavx512er -mavx512pf)
      C compiler: x86_64-linux-gnu-gcc -Wno-unused-result -Wsign-compare -DNDEBUG -g -fwrapv -O2 -Wall -g -fstack-protector-strong -Wformat -Werror=format-security -g -fwrapv -O2 -g -fstack-protector-strong -Wformat -Werror=format-security -Wdate-time -D_FORTIFY_SOURCE=2 -fPIC
      
      compile options: '-Inumpy/core/src/common -Inumpy/core/src -Inumpy/core -Inumpy/core/src/npymath -Inumpy/core/src/multiarray -Inumpy/core/src/umath -Inumpy/core/src/npysort -Inumpy/core/src/_simd -I/home/heidless/dash-sample-apps/apps/dash-baseball-statistics/venv/include -I/usr/include/python3.10 -Ibuild/src.linux-x86_64-3.10/numpy/core/src/common -Ibuild/src.linux-x86_64-3.10/numpy/core/src/npymath -c'
      extra options: '-msse -msse2 -msse3 -mssse3 -msse4.1 -mpopcnt -msse4.2 -mavx -mf16c -mfma -mavx2 -mavx512f -mavx512cd -mavx512er -mavx512pf -Werror'
      CCompilerOpt.cc_test_flags[999] : testing flags (-mavx5124fmaps -mavx5124vnniw -mavx512vpopcntdq)
      C compiler: x86_64-linux-gnu-gcc -Wno-unused-result -Wsign-compare -DNDEBUG -g -fwrapv -O2 -Wall -g -fstack-protector-strong -Wformat -Werror=format-security -g -fwrapv -O2 -g -fstack-protector-strong -Wformat -Werror=format-security -Wdate-time -D_FORTIFY_SOURCE=2 -fPIC
      
      compile options: '-Inumpy/core/src/common -Inumpy/core/src -Inumpy/core -Inumpy/core/src/npymath -Inumpy/core/src/multiarray -Inumpy/core/src/umath -Inumpy/core/src/npysort -Inumpy/core/src/_simd -I/home/heidless/dash-sample-apps/apps/dash-baseball-statistics/venv/include -I/usr/include/python3.10 -Ibuild/src.linux-x86_64-3.10/numpy/core/src/common -Ibuild/src.linux-x86_64-3.10/numpy/core/src/npymath -c'
      extra options: '-mavx5124fmaps -mavx5124vnniw -mavx512vpopcntdq'
      CCompilerOpt.feature_test[1444] : testing feature 'AVX512_KNM' with flags (-msse -msse2 -msse3 -mssse3 -msse4.1 -mpopcnt -msse4.2 -mavx -mf16c -mfma -mavx2 -mavx512f -mavx512cd -mavx512er -mavx512pf -mavx5124fmaps -mavx5124vnniw -mavx512vpopcntdq)
      C compiler: x86_64-linux-gnu-gcc -Wno-unused-result -Wsign-compare -DNDEBUG -g -fwrapv -O2 -Wall -g -fstack-protector-strong -Wformat -Werror=format-security -g -fwrapv -O2 -g -fstack-protector-strong -Wformat -Werror=format-security -Wdate-time -D_FORTIFY_SOURCE=2 -fPIC
      
      compile options: '-Inumpy/core/src/common -Inumpy/core/src -Inumpy/core -Inumpy/core/src/npymath -Inumpy/core/src/multiarray -Inumpy/core/src/umath -Inumpy/core/src/npysort -Inumpy/core/src/_simd -I/home/heidless/dash-sample-apps/apps/dash-baseball-statistics/venv/include -I/usr/include/python3.10 -Ibuild/src.linux-x86_64-3.10/numpy/core/src/common -Ibuild/src.linux-x86_64-3.10/numpy/core/src/npymath -c'
      extra options: '-msse -msse2 -msse3 -mssse3 -msse4.1 -mpopcnt -msse4.2 -mavx -mf16c -mfma -mavx2 -mavx512f -mavx512cd -mavx512er -mavx512pf -mavx5124fmaps -mavx5124vnniw -mavx512vpopcntdq -Werror'
      CCompilerOpt.__init__[1695] : skip features (SSE3 SSE2 SSE) since its part of baseline
      CCompilerOpt.__init__[1699] : initialize targets groups
      CCompilerOpt.__init__[1701] : parse target group simd_test
      CCompilerOpt._parse_target_tokens[1910] : skip targets (XOP FMA4 VSX2 VSX3 VSX NEON ASIMD) not part of baseline or dispatch-able features
      CCompilerOpt._parse_policy_not_keepbase[2022] : skip baseline features (SSE2)
      CCompilerOpt.generate_dispatch_header[2236] : generate CPU dispatch header: (build/src.linux-x86_64-3.10/numpy/distutils/include/npy_cpu_dispatch_config.h)
      CCompilerOpt.generate_dispatch_header[2245] : dispatch header dir build/src.linux-x86_64-3.10/numpy/distutils/include does not exist, creating it
      CCompilerOpt.feature_extra_checks[1519] : Testing extra checks for feature 'AVX512F' (AVX512F_REDUCE)
      C compiler: x86_64-linux-gnu-gcc -Wno-unused-result -Wsign-compare -DNDEBUG -g -fwrapv -O2 -Wall -g -fstack-protector-strong -Wformat -Werror=format-security -g -fwrapv -O2 -g -fstack-protector-strong -Wformat -Werror=format-security -Wdate-time -D_FORTIFY_SOURCE=2 -fPIC
      
      compile options: '-Inumpy/core/src/common -Inumpy/core/src -Inumpy/core -Inumpy/core/src/npymath -Inumpy/core/src/multiarray -Inumpy/core/src/umath -Inumpy/core/src/npysort -Inumpy/core/src/_simd -I/home/heidless/dash-sample-apps/apps/dash-baseball-statistics/venv/include -I/usr/include/python3.10 -Ibuild/src.linux-x86_64-3.10/numpy/core/src/common -Ibuild/src.linux-x86_64-3.10/numpy/core/src/npymath -c'
      extra options: '-msse -msse2 -msse3 -mssse3 -msse4.1 -mpopcnt -msse4.2 -mavx -mf16c -mfma -mavx2 -mavx512f -Werror'
      CCompilerOpt.feature_extra_checks[1519] : Testing extra checks for feature 'AVX512_SKX' (AVX512BW_MASK AVX512DQ_MASK)
      C compiler: x86_64-linux-gnu-gcc -Wno-unused-result -Wsign-compare -DNDEBUG -g -fwrapv -O2 -Wall -g -fstack-protector-strong -Wformat -Werror=format-security -g -fwrapv -O2 -g -fstack-protector-strong -Wformat -Werror=format-security -Wdate-time -D_FORTIFY_SOURCE=2 -fPIC
      
      compile options: '-Inumpy/core/src/common -Inumpy/core/src -Inumpy/core -Inumpy/core/src/npymath -Inumpy/core/src/multiarray -Inumpy/core/src/umath -Inumpy/core/src/npysort -Inumpy/core/src/_simd -I/home/heidless/dash-sample-apps/apps/dash-baseball-statistics/venv/include -I/usr/include/python3.10 -Ibuild/src.linux-x86_64-3.10/numpy/core/src/common -Ibuild/src.linux-x86_64-3.10/numpy/core/src/npymath -c'
      extra options: '-msse -msse2 -msse3 -mssse3 -msse4.1 -mpopcnt -msse4.2 -mavx -mf16c -mfma -mavx2 -mavx512f -mavx512cd -mavx512vl -mavx512bw -mavx512dq -Werror'
      C compiler: x86_64-linux-gnu-gcc -Wno-unused-result -Wsign-compare -DNDEBUG -g -fwrapv -O2 -Wall -g -fstack-protector-strong -Wformat -Werror=format-security -g -fwrapv -O2 -g -fstack-protector-strong -Wformat -Werror=format-security -Wdate-time -D_FORTIFY_SOURCE=2 -fPIC
      
      compile options: '-Inumpy/core/src/common -Inumpy/core/src -Inumpy/core -Inumpy/core/src/npymath -Inumpy/core/src/multiarray -Inumpy/core/src/umath -Inumpy/core/src/npysort -Inumpy/core/src/_simd -I/home/heidless/dash-sample-apps/apps/dash-baseball-statistics/venv/include -I/usr/include/python3.10 -Ibuild/src.linux-x86_64-3.10/numpy/core/src/common -Ibuild/src.linux-x86_64-3.10/numpy/core/src/npymath -c'
      extra options: '-msse -msse2 -msse3 -mssse3 -msse4.1 -mpopcnt -msse4.2 -mavx -mf16c -mfma -mavx2 -mavx512f -mavx512cd -mavx512vl -mavx512bw -mavx512dq -Werror'
      Detected changes on compiler optimizations, force rebuilding
      building 'npymath' library
      compiling C sources
      C compiler: x86_64-linux-gnu-gcc -Wno-unused-result -Wsign-compare -DNDEBUG -g -fwrapv -O2 -Wall -g -fstack-protector-strong -Wformat -Werror=format-security -g -fwrapv -O2 -g -fstack-protector-strong -Wformat -Werror=format-security -Wdate-time -D_FORTIFY_SOURCE=2 -fPIC
      
      creating build/temp.linux-x86_64-3.10
      creating build/temp.linux-x86_64-3.10/numpy
      creating build/temp.linux-x86_64-3.10/numpy/core
      creating build/temp.linux-x86_64-3.10/numpy/core/src
      creating build/temp.linux-x86_64-3.10/numpy/core/src/npymath
      creating build/temp.linux-x86_64-3.10/build
      creating build/temp.linux-x86_64-3.10/build/src.linux-x86_64-3.10
      creating build/temp.linux-x86_64-3.10/build/src.linux-x86_64-3.10/numpy
      creating build/temp.linux-x86_64-3.10/build/src.linux-x86_64-3.10/numpy/core
      creating build/temp.linux-x86_64-3.10/build/src.linux-x86_64-3.10/numpy/core/src
      creating build/temp.linux-x86_64-3.10/build/src.linux-x86_64-3.10/numpy/core/src/npymath
      compile options: '-Ibuild/src.linux-x86_64-3.10/numpy/core/src/npymath -Inumpy/core/include -Ibuild/src.linux-x86_64-3.10/numpy/core/include/numpy -Ibuild/src.linux-x86_64-3.10/numpy/distutils/include -Inumpy/core/src/common -Inumpy/core/src -Inumpy/core -Inumpy/core/src/npymath -Inumpy/core/src/multiarray -Inumpy/core/src/umath -Inumpy/core/src/npysort -Inumpy/core/src/_simd -I/home/heidless/dash-sample-apps/apps/dash-baseball-statistics/venv/include -I/usr/include/python3.10 -Ibuild/src.linux-x86_64-3.10/numpy/core/src/common -Ibuild/src.linux-x86_64-3.10/numpy/core/src/npymath -c'
      extra options: '-msse -msse2 -msse3'
      x86_64-linux-gnu-gcc: numpy/core/src/npymath/npy_math.c
      x86_64-linux-gnu-gcc: build/src.linux-x86_64-3.10/numpy/core/src/npymath/ieee754.c
      x86_64-linux-gnu-gcc: numpy/core/src/npymath/halffloat.c
      x86_64-linux-gnu-gcc: build/src.linux-x86_64-3.10/numpy/core/src/npymath/npy_math_complex.c
      x86_64-linux-gnu-gcc-ar: adding 4 object files to build/temp.linux-x86_64-3.10/libnpymath.a
      building 'npyrandom' library
      compiling C sources
      C compiler: x86_64-linux-gnu-gcc -Wno-unused-result -Wsign-compare -DNDEBUG -g -fwrapv -O2 -Wall -g -fstack-protector-strong -Wformat -Werror=format-security -g -fwrapv -O2 -g -fstack-protector-strong -Wformat -Werror=format-security -Wdate-time -D_FORTIFY_SOURCE=2 -fPIC
      
      creating build/temp.linux-x86_64-3.10/numpy/random
      creating build/temp.linux-x86_64-3.10/numpy/random/src
      creating build/temp.linux-x86_64-3.10/numpy/random/src/distributions
      compile options: '-Inumpy/core/include -Ibuild/src.linux-x86_64-3.10/numpy/core/include/numpy -Ibuild/src.linux-x86_64-3.10/numpy/distutils/include -Inumpy/core/src/common -Inumpy/core/src -Inumpy/core -Inumpy/core/src/npymath -Inumpy/core/src/multiarray -Inumpy/core/src/umath -Inumpy/core/src/npysort -Inumpy/core/src/_simd -I/home/heidless/dash-sample-apps/apps/dash-baseball-statistics/venv/include -I/usr/include/python3.10 -Ibuild/src.linux-x86_64-3.10/numpy/core/src/common -Ibuild/src.linux-x86_64-3.10/numpy/core/src/npymath -c'
      extra options: '-msse -msse2 -msse3'
      x86_64-linux-gnu-gcc: numpy/random/src/distributions/logfactorial.c
      x86_64-linux-gnu-gcc: numpy/random/src/distributions/distributions.c
      x86_64-linux-gnu-gcc: numpy/random/src/distributions/random_mvhg_count.c
      x86_64-linux-gnu-gcc: numpy/random/src/distributions/random_hypergeometric.c
      x86_64-linux-gnu-gcc: numpy/random/src/distributions/random_mvhg_marginals.c
      x86_64-linux-gnu-gcc-ar: adding 5 object files to build/temp.linux-x86_64-3.10/libnpyrandom.a
      running build_ext
      customize UnixCCompiler
      customize UnixCCompiler using new_build_ext
      CCompilerOpt.__init__[781] : hit the memory cache
      CCompilerOpt.generate_dispatch_header[2236] : generate CPU dispatch header: (build/src.linux-x86_64-3.10/numpy/distutils/include/npy_cpu_dispatch_config.h)
      Detected changes on compiler optimizations, force rebuilding
      building 'numpy.core._multiarray_tests' extension
      compiling C sources
      C compiler: x86_64-linux-gnu-gcc -Wno-unused-result -Wsign-compare -DNDEBUG -g -fwrapv -O2 -Wall -g -fstack-protector-strong -Wformat -Werror=format-security -g -fwrapv -O2 -g -fstack-protector-strong -Wformat -Werror=format-security -Wdate-time -D_FORTIFY_SOURCE=2 -fPIC
      
      creating build/temp.linux-x86_64-3.10/build/src.linux-x86_64-3.10/numpy/core/src/multiarray
      creating build/temp.linux-x86_64-3.10/numpy/core/src/common
      compile options: '-DNPY_INTERNAL_BUILD=1 -DHAVE_NPY_CONFIG_H=1 -D_FILE_OFFSET_BITS=64 -D_LARGEFILE_SOURCE=1 -D_LARGEFILE64_SOURCE=1 -Inumpy/core/include -Ibuild/src.linux-x86_64-3.10/numpy/core/include/numpy -Ibuild/src.linux-x86_64-3.10/numpy/distutils/include -Inumpy/core/src/common -Inumpy/core/src -Inumpy/core -Inumpy/core/src/npymath -Inumpy/core/src/multiarray -Inumpy/core/src/umath -Inumpy/core/src/npysort -Inumpy/core/src/_simd -I/home/heidless/dash-sample-apps/apps/dash-baseball-statistics/venv/include -I/usr/include/python3.10 -Ibuild/src.linux-x86_64-3.10/numpy/core/src/common -Ibuild/src.linux-x86_64-3.10/numpy/core/src/npymath -c'
      extra options: '-msse -msse2 -msse3'
      x86_64-linux-gnu-gcc: build/src.linux-x86_64-3.10/numpy/core/src/multiarray/_multiarray_tests.c
      x86_64-linux-gnu-gcc: numpy/core/src/common/mem_overlap.c
      x86_64-linux-gnu-gcc -shared -Wl,-O1 -Wl,-Bsymbolic-functions -Wl,-Bsymbolic-functions -g -fwrapv -O2 -Wl,-Bsymbolic-functions -g -fwrapv -O2 -g -fstack-protector-strong -Wformat -Werror=format-security -Wdate-time -D_FORTIFY_SOURCE=2 build/temp.linux-x86_64-3.10/build/src.linux-x86_64-3.10/numpy/core/src/multiarray/_multiarray_tests.o build/temp.linux-x86_64-3.10/numpy/core/src/common/mem_overlap.o -Lbuild/temp.linux-x86_64-3.10 -lnpymath -o build/lib.linux-x86_64-3.10/numpy/core/_multiarray_tests.cpython-310-x86_64-linux-gnu.so
      building 'numpy.core._multiarray_umath' extension
      compiling C dispatch-able sources
      CCompilerOpt.parse_targets[1741] : looking for '@targets' inside ->  build/src.linux-x86_64-3.10/numpy/core/src/umath/loops_unary_fp.dispatch.c
      CCompilerOpt._parse_target_tokens[1910] : skip targets (NEON VSX2) not part of baseline or dispatch-able features
      CCompilerOpt._parse_policy_not_keepbase[2022] : skip baseline features (SSE2)
      CCompilerOpt._parse_target_tokens[1934] : policy 'MAXOPT' is ON
      CCompilerOpt._generate_config[2469] : generate dispatched config ->  build/src.linux-x86_64-3.10/numpy/core/src/umath/loops_unary_fp.dispatch.h
      C compiler: x86_64-linux-gnu-gcc -Wno-unused-result -Wsign-compare -DNDEBUG -g -fwrapv -O2 -Wall -g -fstack-protector-strong -Wformat -Werror=format-security -g -fwrapv -O2 -g -fstack-protector-strong -Wformat -Werror=format-security -Wdate-time -D_FORTIFY_SOURCE=2 -fPIC
      
      creating build/temp.linux-x86_64-3.10/build/src.linux-x86_64-3.10/numpy/core/src/umath
      compile options: '-DNPY_INTERNAL_BUILD=1 -DHAVE_NPY_CONFIG_H=1 -D_FILE_OFFSET_BITS=64 -D_LARGEFILE_SOURCE=1 -D_LARGEFILE64_SOURCE=1 -Ibuild/src.linux-x86_64-3.10/numpy/core/src/common -Ibuild/src.linux-x86_64-3.10/numpy/core/src/umath -Inumpy/core/include -Ibuild/src.linux-x86_64-3.10/numpy/core/include/numpy -Ibuild/src.linux-x86_64-3.10/numpy/distutils/include -Inumpy/core/src/common -Inumpy/core/src -Inumpy/core -Inumpy/core/src/npymath -Inumpy/core/src/multiarray -Inumpy/core/src/umath -Inumpy/core/src/npysort -Inumpy/core/src/_simd -I/home/heidless/dash-sample-apps/apps/dash-baseball-statistics/venv/include -I/usr/include/python3.10 -Ibuild/src.linux-x86_64-3.10/numpy/core/src/common -Ibuild/src.linux-x86_64-3.10/numpy/core/src/npymath -c'
      extra options: '-O3 -msse -msse2 -msse3'
      x86_64-linux-gnu-gcc: build/src.linux-x86_64-3.10/numpy/core/src/umath/loops_unary_fp.dispatch.c
      compiling C sources
      C compiler: x86_64-linux-gnu-gcc -Wno-unused-result -Wsign-compare -DNDEBUG -g -fwrapv -O2 -Wall -g -fstack-protector-strong -Wformat -Werror=format-security -g -fwrapv -O2 -g -fstack-protector-strong -Wformat -Werror=format-security -Wdate-time -D_FORTIFY_SOURCE=2 -fPIC
      
      creating build/temp.linux-x86_64-3.10/numpy/core/src/multiarray
      creating build/temp.linux-x86_64-3.10/build/src.linux-x86_64-3.10/numpy/core/src/npysort
      creating build/temp.linux-x86_64-3.10/numpy/core/src/umath
      creating build/temp.linux-x86_64-3.10/build/src.linux-x86_64-3.10/numpy/core/src/common
      compile options: '-DNPY_INTERNAL_BUILD=1 -DHAVE_NPY_CONFIG_H=1 -D_FILE_OFFSET_BITS=64 -D_LARGEFILE_SOURCE=1 -D_LARGEFILE64_SOURCE=1 -Ibuild/src.linux-x86_64-3.10/numpy/core/src/common -Ibuild/src.linux-x86_64-3.10/numpy/core/src/umath -Inumpy/core/include -Ibuild/src.linux-x86_64-3.10/numpy/core/include/numpy -Ibuild/src.linux-x86_64-3.10/numpy/distutils/include -Inumpy/core/src/common -Inumpy/core/src -Inumpy/core -Inumpy/core/src/npymath -Inumpy/core/src/multiarray -Inumpy/core/src/umath -Inumpy/core/src/npysort -Inumpy/core/src/_simd -I/home/heidless/dash-sample-apps/apps/dash-baseball-statistics/venv/include -I/usr/include/python3.10 -Ibuild/src.linux-x86_64-3.10/numpy/core/src/common -Ibuild/src.linux-x86_64-3.10/numpy/core/src/npymath -c'
      extra options: '-msse -msse2 -msse3'
      x86_64-linux-gnu-gcc: numpy/core/src/multiarray/abstractdtypes.c
      x86_64-linux-gnu-gcc: build/src.linux-x86_64-3.10/numpy/core/src/multiarray/arraytypes.c
      x86_64-linux-gnu-gcc: numpy/core/src/multiarray/array_assign_scalar.c
      x86_64-linux-gnu-gcc: numpy/core/src/multiarray/common.c
      x86_64-linux-gnu-gcc: numpy/core/src/multiarray/conversion_utils.c
      x86_64-linux-gnu-gcc: numpy/core/src/multiarray/buffer.c
      x86_64-linux-gnu-gcc: numpy/core/src/multiarray/datetime_strings.c
      x86_64-linux-gnu-gcc: numpy/core/src/multiarray/descriptor.c
      x86_64-linux-gnu-gcc: numpy/core/src/multiarray/alloc.c
      x86_64-linux-gnu-gcc: numpy/core/src/multiarray/array_assign_array.c
      x86_64-linux-gnu-gcc: numpy/core/src/multiarray/convert.c
      x86_64-linux-gnu-gcc: numpy/core/src/multiarray/ctors.c
      x86_64-linux-gnu-gcc: numpy/core/src/multiarray/arrayobject.c
      x86_64-linux-gnu-gcc: numpy/core/src/multiarray/calculation.c
      x86_64-linux-gnu-gcc: numpy/core/src/multiarray/datetime_busday.c
      x86_64-linux-gnu-gcc: numpy/core/src/multiarray/arrayfunction_override.c
      x86_64-linux-gnu-gcc: numpy/core/src/multiarray/convert_datatype.c
      In file included from numpy/core/src/common/npy_cpu_dispatch.h:8,
                       from numpy/core/src/common/npy_config.h:6,
                       from numpy/core/include/numpy/npy_common.h:10,
                       from numpy/core/include/numpy/ndarraytypes.h:4,
                       from numpy/core/include/numpy/ndarrayobject.h:12,
                       from numpy/core/include/numpy/arrayobject.h:4,
                       from numpy/core/src/multiarray/convert_datatype.c:7:
      numpy/core/include/numpy/utils.h:27:24: warning: argument 2 of type ‘PyArray_DTypeMeta *[2]’ {aka ‘struct PyArray_DTypeMeta_tag *[2]’} with mismatched bound [-Warray-parameter=]
         27 | #define NPY_UNUSED(x) (__NPY_UNUSED_TAGGED ## x) __COMP_NPY_UNUSED
      numpy/core/src/multiarray/convert_datatype.c:1941:28: note: in expansion of macro ‘NPY_UNUSED’
       1941 |         PyArray_DTypeMeta *NPY_UNUSED(dtypes[2]),
            |                            ^~~~~~~~~~
      In file included from numpy/core/src/multiarray/convert_datatype.c:23:
      numpy/core/src/multiarray/convert_datatype.h:72:29: note: previously declared as ‘PyArray_DTypeMeta **’ {aka ‘struct PyArray_DTypeMeta_tag **’}
         72 |         PyArray_DTypeMeta **dtypes,
            |         ~~~~~~~~~~~~~~~~~~~~^~~~~~
      numpy/core/src/multiarray/convert_datatype.c:1942:24: warning: argument 3 of type ‘PyArray_Descr *[2]’ {aka ‘struct _PyArray_Descr *[2]’} with mismatched bound [-Warray-parameter=]
       1942 |         PyArray_Descr *given_descrs[2],
            |         ~~~~~~~~~~~~~~~^~~~~~~~~~~~~~~
      In file included from numpy/core/src/multiarray/convert_datatype.c:23:
      numpy/core/src/multiarray/convert_datatype.h:73:25: note: previously declared as ‘PyArray_Descr **’ {aka ‘struct _PyArray_Descr **’}
         73 |         PyArray_Descr **given_descrs,
            |         ~~~~~~~~~~~~~~~~^~~~~~~~~~~~
      numpy/core/src/multiarray/convert_datatype.c:1943:24: warning: argument 4 of type ‘PyArray_Descr *[2]’ {aka ‘struct _PyArray_Descr *[2]’} with mismatched bound [-Warray-parameter=]
       1943 |         PyArray_Descr *loop_descrs[2])
            |         ~~~~~~~~~~~~~~~^~~~~~~~~~~~~~
      In file included from numpy/core/src/multiarray/convert_datatype.c:23:
      numpy/core/src/multiarray/convert_datatype.h:74:25: note: previously declared as ‘PyArray_Descr **’ {aka ‘struct _PyArray_Descr **’}
         74 |         PyArray_Descr **loop_descrs);
            |         ~~~~~~~~~~~~~~~~^~~~~~~~~~~
      numpy/core/src/multiarray/convert_datatype.c:1982:28: warning: argument 2 of type ‘PyArray_DTypeMeta *[2]’ {aka ‘struct PyArray_DTypeMeta_tag *[2]’} with mismatched bound [-Warray-parameter=]
       1982 |         PyArray_DTypeMeta *dtypes[2],
            |         ~~~~~~~~~~~~~~~~~~~^~~~~~~~~
      In file included from numpy/core/src/multiarray/convert_datatype.c:23:
      numpy/core/src/multiarray/convert_datatype.h:79:29: note: previously declared as ‘PyArray_DTypeMeta **’ {aka ‘struct PyArray_DTypeMeta_tag **’}
         79 |         PyArray_DTypeMeta **dtypes,
            |         ~~~~~~~~~~~~~~~~~~~~^~~~~~
      numpy/core/src/multiarray/convert_datatype.c:1983:24: warning: argument 3 of type ‘PyArray_Descr *[2]’ {aka ‘struct _PyArray_Descr *[2]’} with mismatched bound [-Warray-parameter=]
       1983 |         PyArray_Descr *given_descrs[2],
            |         ~~~~~~~~~~~~~~~^~~~~~~~~~~~~~~
      In file included from numpy/core/src/multiarray/convert_datatype.c:23:
      numpy/core/src/multiarray/convert_datatype.h:80:25: note: previously declared as ‘PyArray_Descr **’ {aka ‘struct _PyArray_Descr **’}
         80 |         PyArray_Descr **input_descrs,
            |         ~~~~~~~~~~~~~~~~^~~~~~~~~~~~
      numpy/core/src/multiarray/convert_datatype.c:1984:24: warning: argument 4 of type ‘PyArray_Descr *[2]’ {aka ‘struct _PyArray_Descr *[2]’} with mismatched bound [-Warray-parameter=]
       1984 |         PyArray_Descr *loop_descrs[2])
            |         ~~~~~~~~~~~~~~~^~~~~~~~~~~~~~
      In file included from numpy/core/src/multiarray/convert_datatype.c:23:
      numpy/core/src/multiarray/convert_datatype.h:81:25: note: previously declared as ‘PyArray_Descr **’ {aka ‘struct _PyArray_Descr **’}
         81 |         PyArray_Descr **loop_descrs);
            |         ~~~~~~~~~~~~~~~~^~~~~~~~~~~
      x86_64-linux-gnu-gcc: numpy/core/src/multiarray/dtype_transfer.c
      x86_64-linux-gnu-gcc: numpy/core/src/multiarray/datetime_busdaycal.c
      x86_64-linux-gnu-gcc: numpy/core/src/multiarray/compiled_base.c
      x86_64-linux-gnu-gcc: numpy/core/src/multiarray/dtypemeta.c
      x86_64-linux-gnu-gcc: numpy/core/src/multiarray/flagsobject.c
      x86_64-linux-gnu-gcc: numpy/core/src/multiarray/item_selection.c
      x86_64-linux-gnu-gcc: build/src.linux-x86_64-3.10/numpy/core/src/multiarray/lowlevel_strided_loops.c
      x86_64-linux-gnu-gcc: numpy/core/src/multiarray/dragon4.c
      x86_64-linux-gnu-gcc: numpy/core/src/multiarray/getset.c
      x86_64-linux-gnu-gcc: numpy/core/src/multiarray/datetime.c
      x86_64-linux-gnu-gcc: numpy/core/src/multiarray/multiarraymodule.c
      x86_64-linux-gnu-gcc: build/src.linux-x86_64-3.10/numpy/core/src/multiarray/einsum.c
      x86_64-linux-gnu-gcc: numpy/core/src/multiarray/hashdescr.c
      x86_64-linux-gnu-gcc: numpy/core/src/multiarray/nditer_constr.c
      x86_64-linux-gnu-gcc: numpy/core/src/multiarray/refcount.c
      x86_64-linux-gnu-gcc: numpy/core/src/multiarray/sequence.c
      x86_64-linux-gnu-gcc: build/src.linux-x86_64-3.10/numpy/core/src/multiarray/einsum_sumprod.c
      x86_64-linux-gnu-gcc: numpy/core/src/multiarray/scalarapi.c
      x86_64-linux-gnu-gcc: numpy/core/src/multiarray/shape.c
      x86_64-linux-gnu-gcc: numpy/core/src/multiarray/iterators.c
      x86_64-linux-gnu-gcc: build/src.linux-x86_64-3.10/numpy/core/src/multiarray/scalartypes.c
      x86_64-linux-gnu-gcc: numpy/core/src/multiarray/temp_elide.c
      numpy/core/src/multiarray/scalartypes.c.src: In function ‘float_arrtype_hash’:
      numpy/core/src/multiarray/scalartypes.c.src:3175:27: error: incompatible type for argument 1 of ‘_Py_HashDouble’
       3175 |     return _Py_HashDouble((double) PyArrayScalar_VAL(obj, @name@));
      In file included from /usr/include/python3.10/Python.h:77,
                       from numpy/core/src/multiarray/scalartypes.c.src:3:
      /usr/include/python3.10/pyhash.h:10:38: note: expected ‘PyObject *’ {aka ‘struct _object *’} but argument is of type ‘double’
         10 | PyAPI_FUNC(Py_hash_t) _Py_HashDouble(PyObject *, double);
            |                                      ^~~~~~~~~~
      numpy/core/src/multiarray/scalartypes.c.src:3175:12: error: too few arguments to function ‘_Py_HashDouble’
       3175 |     return _Py_HashDouble((double) PyArrayScalar_VAL(obj, @name@));
            |            ^~~~~~~~~~~~~~
      In file included from /usr/include/python3.10/Python.h:77,
                       from numpy/core/src/multiarray/scalartypes.c.src:3:
      /usr/include/python3.10/pyhash.h:10:23: note: declared here
         10 | PyAPI_FUNC(Py_hash_t) _Py_HashDouble(PyObject *, double);
            |                       ^~~~~~~~~~~~~~
      numpy/core/src/multiarray/scalartypes.c.src: In function ‘cfloat_arrtype_hash’:
      numpy/core/src/multiarray/scalartypes.c.src:3183:31: error: incompatible type for argument 1 of ‘_Py_HashDouble’
       3183 |     hashreal = _Py_HashDouble((double)
            |                               ^~~~~~~~
            |                               |
            |                               double
       3184 |             PyArrayScalar_VAL(obj, C@name@).real);
            |             ~~~~~~~~~~~~~~~~~~~~~~~~~~~~~~~~~~~
      In file included from /usr/include/python3.10/Python.h:77,
                       from numpy/core/src/multiarray/scalartypes.c.src:3:
      /usr/include/python3.10/pyhash.h:10:38: note: expected ‘PyObject *’ {aka ‘struct _object *’} but argument is of type ‘double’
         10 | PyAPI_FUNC(Py_hash_t) _Py_HashDouble(PyObject *, double);
            |                                      ^~~~~~~~~~
      numpy/core/src/multiarray/scalartypes.c.src:3183:16: error: too few arguments to function ‘_Py_HashDouble’
       3183 |     hashreal = _Py_HashDouble((double)
            |                ^~~~~~~~~~~~~~
      In file included from /usr/include/python3.10/Python.h:77,
                       from numpy/core/src/multiarray/scalartypes.c.src:3:
      /usr/include/python3.10/pyhash.h:10:23: note: declared here
         10 | PyAPI_FUNC(Py_hash_t) _Py_HashDouble(PyObject *, double);
            |                       ^~~~~~~~~~~~~~
      numpy/core/src/multiarray/scalartypes.c.src:3189:31: error: incompatible type for argument 1 of ‘_Py_HashDouble’
       3189 |     hashimag = _Py_HashDouble((double)
            |                               ^~~~~~~~
            |                               |
            |                               double
       3190 |             PyArrayScalar_VAL(obj, C@name@).imag);
            |             ~~~~~~~~~~~~~~~~~~~~~~~~~~~~~~~~~~~
      In file included from /usr/include/python3.10/Python.h:77,
                       from numpy/core/src/multiarray/scalartypes.c.src:3:
      /usr/include/python3.10/pyhash.h:10:38: note: expected ‘PyObject *’ {aka ‘struct _object *’} but argument is of type ‘double’
         10 | PyAPI_FUNC(Py_hash_t) _Py_HashDouble(PyObject *, double);
            |                                      ^~~~~~~~~~
      numpy/core/src/multiarray/scalartypes.c.src:3189:16: error: too few arguments to function ‘_Py_HashDouble’
       3189 |     hashimag = _Py_HashDouble((double)
            |                ^~~~~~~~~~~~~~
      In file included from /usr/include/python3.10/Python.h:77,
                       from numpy/core/src/multiarray/scalartypes.c.src:3:
      /usr/include/python3.10/pyhash.h:10:23: note: declared here
         10 | PyAPI_FUNC(Py_hash_t) _Py_HashDouble(PyObject *, double);
            |                       ^~~~~~~~~~~~~~
      numpy/core/src/multiarray/scalartypes.c.src: In function ‘longdouble_arrtype_hash’:
      numpy/core/src/multiarray/scalartypes.c.src:3175:27: error: incompatible type for argument 1 of ‘_Py_HashDouble’
       3175 |     return _Py_HashDouble((double) PyArrayScalar_VAL(obj, @name@));
      In file included from /usr/include/python3.10/Python.h:77,
                       from numpy/core/src/multiarray/scalartypes.c.src:3:
      /usr/include/python3.10/pyhash.h:10:38: note: expected ‘PyObject *’ {aka ‘struct _object *’} but argument is of type ‘double’
         10 | PyAPI_FUNC(Py_hash_t) _Py_HashDouble(PyObject *, double);
            |                                      ^~~~~~~~~~
      numpy/core/src/multiarray/scalartypes.c.src:3175:12: error: too few arguments to function ‘_Py_HashDouble’
       3175 |     return _Py_HashDouble((double) PyArrayScalar_VAL(obj, @name@));
            |            ^~~~~~~~~~~~~~
      In file included from /usr/include/python3.10/Python.h:77,
                       from numpy/core/src/multiarray/scalartypes.c.src:3:
      /usr/include/python3.10/pyhash.h:10:23: note: declared here
         10 | PyAPI_FUNC(Py_hash_t) _Py_HashDouble(PyObject *, double);
            |                       ^~~~~~~~~~~~~~
      numpy/core/src/multiarray/scalartypes.c.src: In function ‘clongdouble_arrtype_hash’:
      numpy/core/src/multiarray/scalartypes.c.src:3183:31: error: incompatible type for argument 1 of ‘_Py_HashDouble’
       3183 |     hashreal = _Py_HashDouble((double)
            |                               ^~~~~~~~
            |                               |
            |                               double
       3184 |             PyArrayScalar_VAL(obj, C@name@).real);
            |             ~~~~~~~~~~~~~~~~~~~~~~~~~~~~~~~~~~~~~~
      In file included from /usr/include/python3.10/Python.h:77,
                       from numpy/core/src/multiarray/scalartypes.c.src:3:
      /usr/include/python3.10/pyhash.h:10:38: note: expected ‘PyObject *’ {aka ‘struct _object *’} but argument is of type ‘double’
         10 | PyAPI_FUNC(Py_hash_t) _Py_HashDouble(PyObject *, double);
            |                                      ^~~~~~~~~~
      numpy/core/src/multiarray/scalartypes.c.src:3183:16: error: too few arguments to function ‘_Py_HashDouble’
       3183 |     hashreal = _Py_HashDouble((double)
            |                ^~~~~~~~~~~~~~
      In file included from /usr/include/python3.10/Python.h:77,
                       from numpy/core/src/multiarray/scalartypes.c.src:3:
      /usr/include/python3.10/pyhash.h:10:23: note: declared here
         10 | PyAPI_FUNC(Py_hash_t) _Py_HashDouble(PyObject *, double);
            |                       ^~~~~~~~~~~~~~
      numpy/core/src/multiarray/scalartypes.c.src:3189:31: error: incompatible type for argument 1 of ‘_Py_HashDouble’
       3189 |     hashimag = _Py_HashDouble((double)
            |                               ^~~~~~~~
            |                               |
            |                               double
       3190 |             PyArrayScalar_VAL(obj, C@name@).imag);
            |             ~~~~~~~~~~~~~~~~~~~~~~~~~~~~~~~~~~~~~~
      In file included from /usr/include/python3.10/Python.h:77,
                       from numpy/core/src/multiarray/scalartypes.c.src:3:
      /usr/include/python3.10/pyhash.h:10:38: note: expected ‘PyObject *’ {aka ‘struct _object *’} but argument is of type ‘double’
         10 | PyAPI_FUNC(Py_hash_t) _Py_HashDouble(PyObject *, double);
            |                                      ^~~~~~~~~~
      numpy/core/src/multiarray/scalartypes.c.src:3189:16: error: too few arguments to function ‘_Py_HashDouble’
       3189 |     hashimag = _Py_HashDouble((double)
            |                ^~~~~~~~~~~~~~
      In file included from /usr/include/python3.10/Python.h:77,
                       from numpy/core/src/multiarray/scalartypes.c.src:3:
      /usr/include/python3.10/pyhash.h:10:23: note: declared here
         10 | PyAPI_FUNC(Py_hash_t) _Py_HashDouble(PyObject *, double);
            |                       ^~~~~~~~~~~~~~
      numpy/core/src/multiarray/scalartypes.c.src: In function ‘half_arrtype_hash’:
      numpy/core/src/multiarray/scalartypes.c.src:3205:27: error: incompatible type for argument 1 of ‘_Py_HashDouble’
       3205 |     return _Py_HashDouble(npy_half_to_double(PyArrayScalar_VAL(obj, Half)));
            |                           ^~~~~~~~~~~~~~~~~~~~~~~~~~~~~~~~~~~~~~~~~~~~~~~~
            |                           |
            |                           double
      In file included from /usr/include/python3.10/Python.h:77,
                       from numpy/core/src/multiarray/scalartypes.c.src:3:
      /usr/include/python3.10/pyhash.h:10:38: note: expected ‘PyObject *’ {aka ‘struct _object *’} but argument is of type ‘double’
         10 | PyAPI_FUNC(Py_hash_t) _Py_HashDouble(PyObject *, double);
            |                                      ^~~~~~~~~~
      numpy/core/src/multiarray/scalartypes.c.src:3205:12: error: too few arguments to function ‘_Py_HashDouble’
       3205 |     return _Py_HashDouble(npy_half_to_double(PyArrayScalar_VAL(obj, Half)));
            |            ^~~~~~~~~~~~~~
      In file included from /usr/include/python3.10/Python.h:77,
                       from numpy/core/src/multiarray/scalartypes.c.src:3:
      /usr/include/python3.10/pyhash.h:10:23: note: declared here
         10 | PyAPI_FUNC(Py_hash_t) _Py_HashDouble(PyObject *, double);
            |                       ^~~~~~~~~~~~~~
      numpy/core/src/multiarray/scalartypes.c.src: In function ‘longdouble_arrtype_hash’:
      numpy/core/src/multiarray/scalartypes.c.src:3176:1: warning: control reaches end of non-void function [-Wreturn-type]
       3176 | }
            | ^
      numpy/core/src/multiarray/scalartypes.c.src: In function ‘float_arrtype_hash’:
      numpy/core/src/multiarray/scalartypes.c.src:3176:1: warning: control reaches end of non-void function [-Wreturn-type]
       3176 | }
            | ^
      numpy/core/src/multiarray/scalartypes.c.src: In function ‘half_arrtype_hash’:
      numpy/core/src/multiarray/scalartypes.c.src:3206:1: warning: control reaches end of non-void function [-Wreturn-type]
       3206 | }
            | ^
      x86_64-linux-gnu-gcc: numpy/core/src/multiarray/vdot.c
      x86_64-linux-gnu-gcc: numpy/core/src/multiarray/typeinfo.c
      x86_64-linux-gnu-gcc: build/src.linux-x86_64-3.10/numpy/core/src/npysort/quicksort.c
      x86_64-linux-gnu-gcc: numpy/core/src/multiarray/nditer_pywrap.c
      x86_64-linux-gnu-gcc: numpy/core/src/multiarray/usertypes.c
      x86_64-linux-gnu-gcc: build/src.linux-x86_64-3.10/numpy/core/src/npysort/timsort.c
      x86_64-linux-gnu-gcc: numpy/core/src/multiarray/legacy_dtype_implementation.c
      x86_64-linux-gnu-gcc: numpy/core/src/multiarray/number.c
      x86_64-linux-gnu-gcc: build/src.linux-x86_64-3.10/numpy/core/src/npysort/selection.c
      x86_64-linux-gnu-gcc: numpy/core/src/umath/reduction.c
      x86_64-linux-gnu-gcc: build/src.linux-x86_64-3.10/numpy/core/src/umath/loops.c
      x86_64-linux-gnu-gcc: build/src.linux-x86_64-3.10/numpy/core/src/multiarray/nditer_templ.c
      x86_64-linux-gnu-gcc: build/src.linux-x86_64-3.10/numpy/core/src/npysort/mergesort.c
      x86_64-linux-gnu-gcc: numpy/core/src/multiarray/nditer_api.c
      x86_64-linux-gnu-gcc: build/src.linux-x86_64-3.10/numpy/core/src/umath/clip.c
      x86_64-linux-gnu-gcc: build/src.linux-x86_64-3.10/numpy/core/src/umath/scalarmath.c
      x86_64-linux-gnu-gcc: numpy/core/src/umath/ufunc_object.c
      x86_64-linux-gnu-gcc: numpy/core/src/multiarray/array_coercion.c
      x86_64-linux-gnu-gcc: numpy/core/src/common/array_assign.c
      numpy/core/src/multiarray/array_coercion.c: In function ‘PyArray_DiscoverDTypeAndShape_Recursive’:
      numpy/core/src/multiarray/array_coercion.c:1090:9: warning: ‘update_shape’ reading 256 bytes from a region of size 8 [-Wstringop-overread]
       1090 |     if (update_shape(curr_dims, &max_dims,
            |         ^~~~~~~~~~~~~~~~~~~~~~~~~~~~~~~~~~
       1091 |                      out_shape, 1, &size, NPY_TRUE, flags) < 0) {
            |                      ~~~~~~~~~~~~~~~~~~~~~~~~~~~~~~~~~~~~~
      numpy/core/src/multiarray/array_coercion.c:1090:9: note: referencing argument 5 of type ‘const npy_intp *’ {aka ‘const long int *’}
      numpy/core/src/multiarray/array_coercion.c:480:1: note: in a call to function ‘update_shape’
        480 | update_shape(int curr_ndim, int *max_ndim,
            | ^~~~~~~~~~~~
      x86_64-linux-gnu-gcc: numpy/core/src/common/mem_overlap.c
      x86_64-linux-gnu-gcc: numpy/core/src/multiarray/array_method.c
      x86_64-linux-gnu-gcc: numpy/core/src/common/ucsnarrow.c
      x86_64-linux-gnu-gcc: numpy/core/src/common/npy_longdouble.c
      x86_64-linux-gnu-gcc: numpy/core/src/common/ufunc_override.c
      x86_64-linux-gnu-gcc: build/src.linux-x86_64-3.10/numpy/core/src/common/npy_cpu_features.c
      x86_64-linux-gnu-gcc: numpy/core/src/common/numpyos.c
      x86_64-linux-gnu-gcc: build/src.linux-x86_64-3.10/numpy/core/src/npysort/binsearch.c
      x86_64-linux-gnu-gcc: numpy/core/src/umath/extobj.c
      x86_64-linux-gnu-gcc: build/src.linux-x86_64-3.10/numpy/core/src/npysort/heapsort.c
      x86_64-linux-gnu-gcc: numpy/core/src/umath/umathmodule.c
      x86_64-linux-gnu-gcc: numpy/core/src/umath/ufunc_type_resolution.c
      x86_64-linux-gnu-gcc: build/src.linux-x86_64-3.10/numpy/core/src/npysort/radixsort.c
      x86_64-linux-gnu-gcc: numpy/core/src/umath/override.c
      x86_64-linux-gnu-gcc: numpy/core/src/multiarray/mapping.c
      x86_64-linux-gnu-gcc: numpy/core/src/multiarray/methods.c
      x86_64-linux-gnu-gcc: build/src.linux-x86_64-3.10/numpy/core/src/umath/matmul.c
      error: Command "x86_64-linux-gnu-gcc -Wno-unused-result -Wsign-compare -DNDEBUG -g -fwrapv -O2 -Wall -g -fstack-protector-strong -Wformat -Werror=format-security -g -fwrapv -O2 -g -fstack-protector-strong -Wformat -Werror=format-security -Wdate-time -D_FORTIFY_SOURCE=2 -fPIC -DNPY_INTERNAL_BUILD=1 -DHAVE_NPY_CONFIG_H=1 -D_FILE_OFFSET_BITS=64 -D_LARGEFILE_SOURCE=1 -D_LARGEFILE64_SOURCE=1 -Ibuild/src.linux-x86_64-3.10/numpy/core/src/common -Ibuild/src.linux-x86_64-3.10/numpy/core/src/umath -Inumpy/core/include -Ibuild/src.linux-x86_64-3.10/numpy/core/include/numpy -Ibuild/src.linux-x86_64-3.10/numpy/distutils/include -Inumpy/core/src/common -Inumpy/core/src -Inumpy/core -Inumpy/core/src/npymath -Inumpy/core/src/multiarray -Inumpy/core/src/umath -Inumpy/core/src/npysort -Inumpy/core/src/_simd -I/home/heidless/dash-sample-apps/apps/dash-baseball-statistics/venv/include -I/usr/include/python3.10 -Ibuild/src.linux-x86_64-3.10/numpy/core/src/common -Ibuild/src.linux-x86_64-3.10/numpy/core/src/npymath -c build/src.linux-x86_64-3.10/numpy/core/src/multiarray/scalartypes.c -o build/temp.linux-x86_64-3.10/build/src.linux-x86_64-3.10/numpy/core/src/multiarray/scalartypes.o -MMD -MF build/temp.linux-x86_64-3.10/build/src.linux-x86_64-3.10/numpy/core/src/multiarray/scalartypes.o.d -msse -msse2 -msse3" failed with exit status 1
      
      ########### EXT COMPILER OPTIMIZATION ###########
      Platform      :
        Architecture: x64
        Compiler    : gcc
      
      CPU baseline  :
        Requested   : 'min'
        Enabled     : SSE SSE2 SSE3
        Flags       : -msse -msse2 -msse3
        Extra checks: none
      
      CPU dispatch  :
        Requested   : 'max -xop -fma4'
        Enabled     : SSSE3 SSE41 POPCNT SSE42 AVX F16C FMA3 AVX2 AVX512F AVX512CD AVX512_KNL AVX512_KNM AVX512_SKX AVX512_CLX AVX512_CNL AVX512_ICL
        Generated   : none
      CCompilerOpt._cache_write[796] : write cache to path -> /tmp/pip-install-a5vsr4m5/numpy_dcda37f446194c79bf002ecf357bdf80/build/temp.linux-x86_64-3.10/ccompiler_opt_cache_ext.py
      
      ########### CLIB COMPILER OPTIMIZATION ###########
      Platform      :
        Architecture: x64
        Compiler    : gcc
      
      CPU baseline  :
        Requested   : 'min'
        Enabled     : SSE SSE2 SSE3
        Flags       : -msse -msse2 -msse3
        Extra checks: none
      
      CPU dispatch  :
        Requested   : 'max -xop -fma4'
        Enabled     : SSSE3 SSE41 POPCNT SSE42 AVX F16C FMA3 AVX2 AVX512F AVX512CD AVX512_KNL AVX512_KNM AVX512_SKX AVX512_CLX AVX512_CNL AVX512_ICL
        Generated   : none
      CCompilerOpt._cache_write[796] : write cache to path -> /tmp/pip-install-a5vsr4m5/numpy_dcda37f446194c79bf002ecf357bdf80/build/temp.linux-x86_64-3.10/ccompiler_opt_cache_clib.py
      [end of output]
  
  note: This error originates from a subprocess, and is likely not a problem with pip.
  ERROR: Failed building wheel for numpy
ERROR: Could not build wheels for numpy, which is required to install pyproject.toml-based projects
